{
  "stats": {
    "suites": 4,
    "tests": 7,
    "passes": 7,
    "pending": 0,
    "failures": 0,
    "start": "2022-12-21T22:09:33.048Z",
    "end": "2022-12-21T22:09:40.306Z",
    "duration": 7258,
    "testsRegistered": 7,
    "passPercent": 100,
    "pendingPercent": 0,
    "other": 0,
    "hasOther": false,
    "skipped": 0,
    "hasSkipped": false
  },
  "results": [
    {
      "uuid": "152a790c-0522-42b7-a831-47911ab981b3",
      "title": "",
      "fullFile": "cypress/e2e/link_start_arrival.cy.js",
      "file": "cypress/e2e/link_start_arrival.cy.js",
      "beforeHooks": [],
      "afterHooks": [],
      "tests": [],
      "suites": [
        {
          "uuid": "10f96076-966e-4644-b830-ba4759dbecdb",
          "title": "get the hikes list",
          "fullFile": "",
          "file": "",
          "beforeHooks": [],
          "afterHooks": [],
          "tests": [
            {
              "title": "login ",
              "fullTitle": "get the hikes list login ",
              "timedOut": null,
              "duration": 2213,
              "state": "passed",
              "speed": "fast",
              "pass": true,
              "fail": false,
              "pending": false,
              "context": null,
              "code": "cy.login(\"lg1@p.it\", \"password\");",
              "err": {},
              "uuid": "9074e30f-4501-4ea4-8a48-bea9db1ed8d2",
              "parentUUID": "10f96076-966e-4644-b830-ba4759dbecdb",
              "isHook": false,
              "skipped": false
            },
            {
              "title": "jump into certain hike page test",
              "fullTitle": "get the hikes list jump into certain hike page test",
              "timedOut": null,
              "duration": 135,
              "state": "passed",
              "speed": "fast",
              "pass": true,
              "fail": false,
              "pending": false,
              "context": null,
              "code": "cy.contains('Great War: from Malga Grassi to Rifugio Pernici', {\n  timeout: 30000\n}).parent().parent().within(() => {\n  cy.contains('see more').click({\n    force: true\n  });\n});",
              "err": {},
              "uuid": "9d3ed50e-bac8-49ca-b8cb-8c0d8ea00bc9",
              "parentUUID": "10f96076-966e-4644-b830-ba4759dbecdb",
              "isHook": false,
              "skipped": false
            },
            {
              "title": "edit button test",
              "fullTitle": "get the hikes list edit button test",
              "timedOut": null,
              "duration": 177,
              "state": "passed",
              "speed": "fast",
              "pass": true,
              "fail": false,
              "pending": false,
              "context": null,
              "code": "cy.contains('Start Point').parent().within(() => {\n  cy.get('button').click({\n    force: true\n  });\n});",
              "err": {},
              "uuid": "570e7dc9-a2ce-415d-a4b3-46cd2fee7b19",
              "parentUUID": "10f96076-966e-4644-b830-ba4759dbecdb",
              "isHook": false,
              "skipped": false
            },
            {
              "title": "adding a hut point as start point test",
              "fullTitle": "get the hikes list adding a hut point as start point test",
              "timedOut": null,
              "duration": 1394,
              "state": "passed",
              "speed": "fast",
              "pass": true,
              "fail": false,
              "pending": false,
              "context": null,
              "code": "//test first select input:choose type of start point\ncy.contains('Select the new start point:');\ncy.get('select').eq(0).select('Hut', {\n  force: true\n}).invoke('val').should('eq', 'hut'); //test second select input:choose one certain hut name\ncy.contains('Select the hut:');\ncy.get('select').eq(1).select('Capanna', {\n  force: true\n}).invoke('val').should('deep.equal', '9');\ncy.contains('Confirm').click({\n  force: true\n});",
              "err": {},
              "uuid": "d51ac084-a636-4bdb-bf72-dd6dd3490e9e",
              "parentUUID": "10f96076-966e-4644-b830-ba4759dbecdb",
              "isHook": false,
              "skipped": false
            }
          ],
          "suites": [],
          "passes": [
            "9074e30f-4501-4ea4-8a48-bea9db1ed8d2",
            "9d3ed50e-bac8-49ca-b8cb-8c0d8ea00bc9",
            "570e7dc9-a2ce-415d-a4b3-46cd2fee7b19",
            "d51ac084-a636-4bdb-bf72-dd6dd3490e9e"
          ],
          "failures": [],
          "pending": [],
          "skipped": [],
          "duration": 3919,
          "root": false,
          "rootEmpty": false,
          "_timeout": 2000
        },
        {
          "uuid": "6decc9df-ba48-4210-8268-ff3ad1253c2e",
          "title": "cancel button test",
          "fullFile": "",
          "file": "",
          "beforeHooks": [],
          "afterHooks": [],
          "tests": [
            {
              "title": "jump into certain hike page test",
              "fullTitle": "cancel button test jump into certain hike page test",
              "timedOut": null,
              "duration": 1541,
              "state": "passed",
              "speed": "fast",
              "pass": true,
              "fail": false,
              "pending": false,
              "context": null,
              "code": "cy.login(\"lg1@p.it\", \"password\");\ncy.visit('http://localhost:3000/hike/7');\ncy.contains('Start Point').parent().within(() => {\n  cy.get('button').click({\n    force: true\n  });\n});\ncy.contains('Cancel').click({\n  force: true\n});\ncy.get('select').should('not.exist');",
              "err": {},
              "uuid": "caeb5788-1c7b-41bd-a951-894a582fe41b",
              "parentUUID": "6decc9df-ba48-4210-8268-ff3ad1253c2e",
              "isHook": false,
              "skipped": false
            }
          ],
          "suites": [],
          "passes": [
            "caeb5788-1c7b-41bd-a951-894a582fe41b"
          ],
          "failures": [],
          "pending": [],
          "skipped": [],
          "duration": 1541,
          "root": false,
          "rootEmpty": false,
          "_timeout": 2000
        },
        {
          "uuid": "52c764ab-ec19-4907-8801-2c1aafd4f474",
          "title": "insert a start point and insert name of start point test",
          "fullFile": "",
          "file": "",
          "beforeHooks": [],
          "afterHooks": [],
          "tests": [
            {
              "title": "start point change successfully test",
              "fullTitle": "insert a start point and insert name of start point test start point change successfully test",
              "timedOut": null,
              "duration": 689,
              "state": "passed",
              "speed": "fast",
              "pass": true,
              "fail": false,
              "pending": false,
              "context": null,
              "code": "cy.contains('Start Point').parent().within(() => {\n  cy.get('button').click({\n    force: true\n  });\n});\ncy.get('select').eq(0).select('Default', {\n  force: true\n}).invoke('val').should('eq', 'default');\ncy.contains('Name');\ncy.get(\"#validationCustom04\").type('porta nuova', {\n  force: true\n}).should('have.value', 'porta nuova');\ncy.contains('Confirm');\ncy.contains('Cancel').click({\n  force: true\n});",
              "err": {},
              "uuid": "6ec1599c-dae8-4a22-aa70-e44146b10065",
              "parentUUID": "52c764ab-ec19-4907-8801-2c1aafd4f474",
              "isHook": false,
              "skipped": false
            }
          ],
          "suites": [],
          "passes": [
            "6ec1599c-dae8-4a22-aa70-e44146b10065"
          ],
          "failures": [],
          "pending": [],
          "skipped": [],
          "duration": 689,
          "root": false,
          "rootEmpty": false,
          "_timeout": 2000
        },
        {
          "uuid": "f71b1534-6414-47eb-9d92-ae53e5fe28f9",
          "title": "add a parking lot as a end point",
          "fullFile": "",
          "file": "",
          "beforeHooks": [],
          "afterHooks": [],
          "tests": [
            {
              "title": "adding a parking lot as end point test",
              "fullTitle": "add a parking lot as a end point adding a parking lot as end point test",
              "timedOut": null,
              "duration": 409,
              "state": "passed",
              "speed": "fast",
              "pass": true,
              "fail": false,
              "pending": false,
              "context": null,
              "code": "cy.contains('End Point').parent().within(() => {\n  cy.get('button').click({\n    force: true\n  });\n});\ncy.get('select').eq(0).select('Parking Lot', {\n  force: true\n}).invoke('val').should('eq', 'parking lot'); //test second select input:choose one certain park name\ncy.contains('Select the parking lot:');\ncy.get('select').eq(1).select('Parking place Malga Grassi', {\n  force: true\n}).invoke('val').should('deep.equal', '4');\ncy.contains('Confirm').click({\n  force: true\n});",
              "err": {},
              "uuid": "d09361da-f067-4035-9385-008882c005c3",
              "parentUUID": "f71b1534-6414-47eb-9d92-ae53e5fe28f9",
              "isHook": false,
              "skipped": false
            }
          ],
          "suites": [],
          "passes": [
            "d09361da-f067-4035-9385-008882c005c3"
          ],
          "failures": [],
          "pending": [],
          "skipped": [],
          "duration": 409,
          "root": false,
          "rootEmpty": false,
          "_timeout": 2000
        }
      ],
      "passes": [],
      "failures": [],
      "pending": [],
      "skipped": [],
      "duration": 0,
      "root": true,
      "rootEmpty": true,
      "_timeout": 2000
    }
  ],
  "meta": {
    "mocha": {
      "version": "7.0.1"
    },
    "mochawesome": {
      "options": {
        "quiet": false,
        "reportFilename": "mochawesome",
        "saveHtml": false,
        "saveJson": true,
        "consoleReporter": "spec",
        "useInlineDiffs": false,
        "code": true
      },
      "version": "7.1.3"
    },
    "marge": {
      "options": {
        "reportDir": "cypress/results",
        "overwrite": false,
        "html": false,
        "json": true
      },
      "version": "6.2.0"
    }
  }
}