{
  "stats": {
    "suites": 2,
    "tests": 7,
    "passes": 7,
    "pending": 0,
    "failures": 0,
    "start": "2022-12-08T10:13:18.602Z",
    "end": "2022-12-08T10:13:22.711Z",
    "duration": 4109,
    "testsRegistered": 7,
    "passPercent": 100,
    "pendingPercent": 0,
    "other": 0,
    "hasOther": false,
    "skipped": 0,
    "hasSkipped": false
  },
  "results": [
    {
      "uuid": "f2c8c38d-36c0-44aa-a70f-c8c03286f070",
      "title": "",
      "fullFile": "cypress/e2e/newpark.cy.js",
      "file": "cypress/e2e/newpark.cy.js",
      "beforeHooks": [],
      "afterHooks": [],
      "tests": [],
      "suites": [
        {
          "uuid": "f55bde92-29cb-4769-8fe5-aad2cefc115a",
          "title": "parkingform e2e tset",
          "fullFile": "",
          "file": "",
          "beforeHooks": [],
          "afterHooks": [],
          "tests": [
            {
              "title": "login ",
              "fullTitle": "parkingform e2e tset login ",
              "timedOut": null,
              "duration": 2364,
              "state": "passed",
              "speed": "fast",
              "pass": true,
              "fail": false,
              "pending": false,
              "context": null,
              "code": "cy.login(\"lg1@p.it\", \"password\");",
              "err": {},
              "uuid": "4812005c-12c9-40a3-acee-141c1b0f7e4a",
              "parentUUID": "f55bde92-29cb-4769-8fe5-aad2cefc115a",
              "isHook": false,
              "skipped": false
            },
            {
              "title": "jump into parkingLots page test",
              "fullTitle": "parkingform e2e tset jump into parkingLots page test",
              "timedOut": null,
              "duration": 95,
              "state": "passed",
              "speed": "fast",
              "pass": true,
              "fail": false,
              "pending": false,
              "context": null,
              "code": "cy.contains('Parking Lots').click({\n  force: true\n});\ncy.url().should('include', '/parkingLots');",
              "err": {},
              "uuid": "5957cad7-e021-48fb-9bef-6e532ced585f",
              "parentUUID": "f55bde92-29cb-4769-8fe5-aad2cefc115a",
              "isHook": false,
              "skipped": false
            },
            {
              "title": "create new parking button test",
              "fullTitle": "parkingform e2e tset create new parking button test",
              "timedOut": null,
              "duration": 106,
              "state": "passed",
              "speed": "fast",
              "pass": true,
              "fail": false,
              "pending": false,
              "context": null,
              "code": "cy.contains('New Parking Lot').click({\n  force: true\n});\ncy.url().should('include', '/new-parking');",
              "err": {},
              "uuid": "61121d1f-26b7-4fba-80e7-894fc9ef9500",
              "parentUUID": "f55bde92-29cb-4769-8fe5-aad2cefc115a",
              "isHook": false,
              "skipped": false
            },
            {
              "title": "submit parkingLot form",
              "fullTitle": "parkingform e2e tset submit parkingLot form",
              "timedOut": null,
              "duration": 464,
              "state": "passed",
              "speed": "fast",
              "pass": true,
              "fail": false,
              "pending": false,
              "context": null,
              "code": "cy.get('.list-group').trigger('click');\ncy.get('input[id=validationCustom01]').type('Nizza', {\n  force: true\n}).should('have.value', 'Nizza');\ncy.get('input[id=validationCustom03]').type('333', {\n  force: true\n}).should('have.value', '333');\ncy.get('.justify-content-center').should('be.visible');\ncy.get('button').contains('Create new parking lot').click({\n  force: true\n});",
              "err": {},
              "uuid": "1f0bfdaf-ef89-4c20-833c-25e38d93c6ba",
              "parentUUID": "f55bde92-29cb-4769-8fe5-aad2cefc115a",
              "isHook": false,
              "skipped": false
            }
          ],
          "suites": [],
          "passes": [
            "4812005c-12c9-40a3-acee-141c1b0f7e4a",
            "5957cad7-e021-48fb-9bef-6e532ced585f",
            "61121d1f-26b7-4fba-80e7-894fc9ef9500",
            "1f0bfdaf-ef89-4c20-833c-25e38d93c6ba"
          ],
          "failures": [],
          "pending": [],
          "skipped": [],
          "duration": 3029,
          "root": false,
          "rootEmpty": false,
          "_timeout": 2000
        },
        {
          "uuid": "7975da16-7519-4d2e-b6a9-b7613daadc8f",
          "title": "cancel button test of parkingform e2e tset",
          "fullFile": "",
          "file": "",
          "beforeHooks": [],
          "afterHooks": [],
          "tests": [
            {
              "title": "back to create new parking button",
              "fullTitle": "cancel button test of parkingform e2e tset back to create new parking button",
              "timedOut": null,
              "duration": 176,
              "state": "passed",
              "speed": "fast",
              "pass": true,
              "fail": false,
              "pending": false,
              "context": null,
              "code": "cy.go('back');\ncy.contains(\"New Parking Lot\").click({\n  force: true\n});",
              "err": {},
              "uuid": "0241e7c6-2385-493e-9a38-ac0448f7c4d4",
              "parentUUID": "7975da16-7519-4d2e-b6a9-b7613daadc8f",
              "isHook": false,
              "skipped": false
            },
            {
              "title": "wrong insertion with empty infomation",
              "fullTitle": "cancel button test of parkingform e2e tset wrong insertion with empty infomation",
              "timedOut": null,
              "duration": 135,
              "state": "passed",
              "speed": "fast",
              "pass": true,
              "fail": false,
              "pending": false,
              "context": null,
              "code": "cy.contains('Create new parking lot').click();\ncy.contains('Please insert name');\ncy.contains('Please insert correct altitude');",
              "err": {},
              "uuid": "fd3dc624-d0f9-4507-900a-b4d5ca63d1ec",
              "parentUUID": "7975da16-7519-4d2e-b6a9-b7613daadc8f",
              "isHook": false,
              "skipped": false
            },
            {
              "title": "Cancel button test",
              "fullTitle": "cancel button test of parkingform e2e tset Cancel button test",
              "timedOut": null,
              "duration": 76,
              "state": "passed",
              "speed": "fast",
              "pass": true,
              "fail": false,
              "pending": false,
              "context": null,
              "code": "cy.contains('Cancel').click({\n  force: true\n});\ncy.url().should('include', '/parkingLots');",
              "err": {},
              "uuid": "b0ebfe14-9495-4ba8-a452-d5277fc68394",
              "parentUUID": "7975da16-7519-4d2e-b6a9-b7613daadc8f",
              "isHook": false,
              "skipped": false
            }
          ],
          "suites": [],
          "passes": [
            "0241e7c6-2385-493e-9a38-ac0448f7c4d4",
            "fd3dc624-d0f9-4507-900a-b4d5ca63d1ec",
            "b0ebfe14-9495-4ba8-a452-d5277fc68394"
          ],
          "failures": [],
          "pending": [],
          "skipped": [],
          "duration": 387,
          "root": false,
          "rootEmpty": false,
          "_timeout": 2000
        }
      ],
      "passes": [],
      "failures": [],
      "pending": [],
      "skipped": [],
      "duration": 0,
      "root": true,
      "rootEmpty": true,
      "_timeout": 2000
    }
  ],
  "meta": {
    "mocha": {
      "version": "7.0.1"
    },
    "mochawesome": {
      "options": {
        "quiet": false,
        "reportFilename": "mochawesome",
        "saveHtml": false,
        "saveJson": true,
        "consoleReporter": "spec",
        "useInlineDiffs": false,
        "code": true
      },
      "version": "7.1.3"
    },
    "marge": {
      "options": {
        "reportDir": "cypress/results",
        "overwrite": false,
        "html": false,
        "json": true
      },
      "version": "6.2.0"
    }
  }
}