{
  "stats": {
    "suites": 1,
    "tests": 2,
    "passes": 2,
    "pending": 0,
    "failures": 0,
    "start": "2022-12-09T20:49:21.545Z",
    "end": "2022-12-09T20:49:24.898Z",
    "duration": 3353,
    "testsRegistered": 2,
    "passPercent": 100,
    "pendingPercent": 0,
    "other": 0,
    "hasOther": false,
    "skipped": 0,
    "hasSkipped": false
  },
  "results": [
    {
      "uuid": "0a44ca1f-b30e-46eb-b6db-146930fff063",
      "title": "",
      "fullFile": "cypress/e2e/link_hut.cy.js",
      "file": "cypress/e2e/link_hut.cy.js",
      "beforeHooks": [],
      "afterHooks": [],
      "tests": [],
      "suites": [
        {
          "uuid": "9b6bcb12-3402-4f30-990b-a40c1ef32876",
          "title": "the local guide wants to link a hut to a hike",
          "fullFile": "",
          "file": "",
          "beforeHooks": [],
          "afterHooks": [],
          "tests": [
            {
              "title": "jump into certain hike page test",
              "fullTitle": "the local guide wants to link a hut to a hike jump into certain hike page test",
              "timedOut": null,
              "duration": 2251,
              "state": "passed",
              "speed": "fast",
              "pass": true,
              "fail": false,
              "pending": false,
              "context": null,
              "code": "cy.login(\"lg1@p.it\", \"password\");\ncy.get('.title').contains('Laghetto del Vach – Colcerver Itinerario ad anello da Ligont').parent().parent().within(() => {\n  cy.contains('see more').click({\n    force: true\n  });\n});\ncy.get('.titleBig').should('contain', 'Laghetto del Vach – Colcerver Itinerario ad anello da Ligont');",
              "err": {},
              "uuid": "7ddb47f4-7adb-4547-84a5-05eb22573def",
              "parentUUID": "9b6bcb12-3402-4f30-990b-a40c1ef32876",
              "isHook": false,
              "skipped": false
            },
            {
              "title": "add new hut for hike test",
              "fullTitle": "the local guide wants to link a hut to a hike add new hut for hike test",
              "timedOut": null,
              "duration": 433,
              "state": "passed",
              "speed": "fast",
              "pass": true,
              "fail": false,
              "pending": false,
              "context": null,
              "code": "cy.contains('No hut linked to this hike');\ncy.contains('Add new hut').click({\n  force: true\n});\ncy.contains('Select the hut:');\ncy.contains('Cancel').click({\n  force: true\n}); //test cancel button before confirm button\ncy.get('select').should('not.exist');\ncy.get('button').contains('Add new hut').click({\n  force: true\n});\ncy.get('.form-select').children().should('have.length', 5); //test the number of optional huts\ncy.get('select').select('Rifugio Sommariva al Pramperet', {\n  force: true\n}).invoke('val').should('eq', '22');\ncy.get(\"[type='submit']\").contains('Confirm').click({\n  force: true\n});",
              "err": {},
              "uuid": "6d9e8e65-bb50-423b-a534-6982cd59056a",
              "parentUUID": "9b6bcb12-3402-4f30-990b-a40c1ef32876",
              "isHook": false,
              "skipped": false
            }
          ],
          "suites": [],
          "passes": [
            "7ddb47f4-7adb-4547-84a5-05eb22573def",
            "6d9e8e65-bb50-423b-a534-6982cd59056a"
          ],
          "failures": [],
          "pending": [],
          "skipped": [],
          "duration": 2684,
          "root": false,
          "rootEmpty": false,
          "_timeout": 2000
        }
      ],
      "passes": [],
      "failures": [],
      "pending": [],
      "skipped": [],
      "duration": 0,
      "root": true,
      "rootEmpty": true,
      "_timeout": 2000
    }
  ],
  "meta": {
    "mocha": {
      "version": "7.0.1"
    },
    "mochawesome": {
      "options": {
        "quiet": false,
        "reportFilename": "mochawesome",
        "saveHtml": false,
        "saveJson": true,
        "consoleReporter": "spec",
        "useInlineDiffs": false,
        "code": true
      },
      "version": "7.1.3"
    },
    "marge": {
      "options": {
        "reportDir": "cypress/results",
        "overwrite": false,
        "html": false,
        "json": true
      },
      "version": "6.2.0"
    }
  }
}