{
  "stats": {
    "suites": 4,
    "tests": 7,
    "passes": 7,
    "pending": 0,
    "failures": 0,
    "start": "2022-12-09T20:49:25.589Z",
    "end": "2022-12-09T20:49:31.497Z",
    "duration": 5908,
    "testsRegistered": 7,
    "passPercent": 100,
    "pendingPercent": 0,
    "other": 0,
    "hasOther": false,
    "skipped": 0,
    "hasSkipped": false
  },
  "results": [
    {
      "uuid": "e02e0c0a-62e3-4571-8933-f0de793d4723",
      "title": "",
      "fullFile": "cypress/e2e/link_start_arrival.cy.js",
      "file": "cypress/e2e/link_start_arrival.cy.js",
      "beforeHooks": [],
      "afterHooks": [],
      "tests": [],
      "suites": [
        {
          "uuid": "b68b9225-f30c-40c4-b9bd-9748a75fa7b1",
          "title": "get the hikes list",
          "fullFile": "",
          "file": "",
          "beforeHooks": [],
          "afterHooks": [],
          "tests": [
            {
              "title": "login ",
              "fullTitle": "get the hikes list login ",
              "timedOut": null,
              "duration": 2256,
              "state": "passed",
              "speed": "fast",
              "pass": true,
              "fail": false,
              "pending": false,
              "context": null,
              "code": "cy.login(\"lg1@p.it\", \"password\");",
              "err": {},
              "uuid": "13407ef0-c55c-4899-bd92-aaf333b8d5ea",
              "parentUUID": "b68b9225-f30c-40c4-b9bd-9748a75fa7b1",
              "isHook": false,
              "skipped": false
            },
            {
              "title": "jump into certain hike page test",
              "fullTitle": "get the hikes list jump into certain hike page test",
              "timedOut": null,
              "duration": 206,
              "state": "passed",
              "speed": "fast",
              "pass": true,
              "fail": false,
              "pending": false,
              "context": null,
              "code": "cy.contains('Great War: from Malga Grassi to Rifugio Pernici').parent().parent().within(() => {\n  cy.contains('see more').click({\n    force: true\n  });\n});",
              "err": {},
              "uuid": "6f890ff7-d049-4ea3-8fe5-3cc890428aab",
              "parentUUID": "b68b9225-f30c-40c4-b9bd-9748a75fa7b1",
              "isHook": false,
              "skipped": false
            },
            {
              "title": "edit button test",
              "fullTitle": "get the hikes list edit button test",
              "timedOut": null,
              "duration": 99,
              "state": "passed",
              "speed": "fast",
              "pass": true,
              "fail": false,
              "pending": false,
              "context": null,
              "code": "cy.contains('Start Point').parent().within(() => {\n  cy.get('button').click({\n    force: true\n  });\n});",
              "err": {},
              "uuid": "58ebc4c7-6f68-4b13-bcb1-c0ac5666b391",
              "parentUUID": "b68b9225-f30c-40c4-b9bd-9748a75fa7b1",
              "isHook": false,
              "skipped": false
            },
            {
              "title": "adding a hut point as start point test",
              "fullTitle": "get the hikes list adding a hut point as start point test",
              "timedOut": null,
              "duration": 317,
              "state": "passed",
              "speed": "fast",
              "pass": true,
              "fail": false,
              "pending": false,
              "context": null,
              "code": "//test first select input:choose type of start point\ncy.contains('Select the new start point:');\ncy.get('select').eq(0).select('Hut', {\n  force: true\n}).invoke('val').should('eq', 'hut'); //test second select input:choose one certain hut name\ncy.contains('Select the hut:');\ncy.get('select').eq(1).select('Rifugio Capanna', {\n  force: true\n}).invoke('val').should('deep.equal', '9');\ncy.contains('Confirm').click({\n  force: true\n});",
              "err": {},
              "uuid": "a0f1d684-8ba7-41e9-a75e-e734df97f3fe",
              "parentUUID": "b68b9225-f30c-40c4-b9bd-9748a75fa7b1",
              "isHook": false,
              "skipped": false
            }
          ],
          "suites": [],
          "passes": [
            "13407ef0-c55c-4899-bd92-aaf333b8d5ea",
            "6f890ff7-d049-4ea3-8fe5-3cc890428aab",
            "58ebc4c7-6f68-4b13-bcb1-c0ac5666b391",
            "a0f1d684-8ba7-41e9-a75e-e734df97f3fe"
          ],
          "failures": [],
          "pending": [],
          "skipped": [],
          "duration": 2878,
          "root": false,
          "rootEmpty": false,
          "_timeout": 2000
        },
        {
          "uuid": "e368faea-d0cf-414c-84e0-efd868461336",
          "title": "cancel button test",
          "fullFile": "",
          "file": "",
          "beforeHooks": [],
          "afterHooks": [],
          "tests": [
            {
              "title": "jump into certain hike page test",
              "fullTitle": "cancel button test jump into certain hike page test",
              "timedOut": null,
              "duration": 1449,
              "state": "passed",
              "speed": "fast",
              "pass": true,
              "fail": false,
              "pending": false,
              "context": null,
              "code": "cy.login(\"lg1@p.it\", \"password\");\ncy.visit('http://localhost:3000/hike/7');\ncy.contains('Start Point').parent().within(() => {\n  cy.get('button').click({\n    force: true\n  });\n});\ncy.contains('Cancel').click({\n  force: true\n});\ncy.get('select').should('not.exist');",
              "err": {},
              "uuid": "3cd25c6e-e017-425c-a877-2fe2d2cc8cd4",
              "parentUUID": "e368faea-d0cf-414c-84e0-efd868461336",
              "isHook": false,
              "skipped": false
            }
          ],
          "suites": [],
          "passes": [
            "3cd25c6e-e017-425c-a877-2fe2d2cc8cd4"
          ],
          "failures": [],
          "pending": [],
          "skipped": [],
          "duration": 1449,
          "root": false,
          "rootEmpty": false,
          "_timeout": 2000
        },
        {
          "uuid": "1ae28135-516b-48a8-a93d-20ebc4517a0d",
          "title": "insert a start point and insert name of start point test",
          "fullFile": "",
          "file": "",
          "beforeHooks": [],
          "afterHooks": [],
          "tests": [
            {
              "title": "start point change successfully test",
              "fullTitle": "insert a start point and insert name of start point test start point change successfully test",
              "timedOut": null,
              "duration": 527,
              "state": "passed",
              "speed": "fast",
              "pass": true,
              "fail": false,
              "pending": false,
              "context": null,
              "code": "cy.contains('Start Point').parent().within(() => {\n  cy.get('button').click({\n    force: true\n  });\n});\ncy.get('select').eq(0).select('Default', {\n  force: true\n}).invoke('val').should('eq', 'default');\ncy.contains('Name');\ncy.get(\"#validationCustom04\").type('porta nuova', {\n  force: true\n}).should('have.value', 'porta nuova');\ncy.contains('Confirm');\ncy.contains('Cancel').click({\n  force: true\n});",
              "err": {},
              "uuid": "4e4a4e4f-877b-4a0d-bf7b-954d46a941bf",
              "parentUUID": "1ae28135-516b-48a8-a93d-20ebc4517a0d",
              "isHook": false,
              "skipped": false
            }
          ],
          "suites": [],
          "passes": [
            "4e4a4e4f-877b-4a0d-bf7b-954d46a941bf"
          ],
          "failures": [],
          "pending": [],
          "skipped": [],
          "duration": 527,
          "root": false,
          "rootEmpty": false,
          "_timeout": 2000
        },
        {
          "uuid": "cf134c90-21d4-4169-ad13-7bdfc5682d7d",
          "title": "add a parking lot as a end point",
          "fullFile": "",
          "file": "",
          "beforeHooks": [],
          "afterHooks": [],
          "tests": [
            {
              "title": "adding a parking lot as end point test",
              "fullTitle": "add a parking lot as a end point adding a parking lot as end point test",
              "timedOut": null,
              "duration": 376,
              "state": "passed",
              "speed": "fast",
              "pass": true,
              "fail": false,
              "pending": false,
              "context": null,
              "code": "cy.contains('End Point').parent().within(() => {\n  cy.get('button').click({\n    force: true\n  });\n});\ncy.get('select').eq(0).select('Parking Lot', {\n  force: true\n}).invoke('val').should('eq', 'parking lot'); //test second select input:choose one certain park name\ncy.contains('Select the parking lot:');\ncy.get('select').eq(1).select('Parking place Malga Grassi', {\n  force: true\n}).invoke('val').should('deep.equal', '4');\ncy.contains('Confirm').click({\n  force: true\n});",
              "err": {},
              "uuid": "9334d446-992b-457b-a7c3-5acce28b023d",
              "parentUUID": "cf134c90-21d4-4169-ad13-7bdfc5682d7d",
              "isHook": false,
              "skipped": false
            }
          ],
          "suites": [],
          "passes": [
            "9334d446-992b-457b-a7c3-5acce28b023d"
          ],
          "failures": [],
          "pending": [],
          "skipped": [],
          "duration": 376,
          "root": false,
          "rootEmpty": false,
          "_timeout": 2000
        }
      ],
      "passes": [],
      "failures": [],
      "pending": [],
      "skipped": [],
      "duration": 0,
      "root": true,
      "rootEmpty": true,
      "_timeout": 2000
    }
  ],
  "meta": {
    "mocha": {
      "version": "7.0.1"
    },
    "mochawesome": {
      "options": {
        "quiet": false,
        "reportFilename": "mochawesome",
        "saveHtml": false,
        "saveJson": true,
        "consoleReporter": "spec",
        "useInlineDiffs": false,
        "code": true
      },
      "version": "7.1.3"
    },
    "marge": {
      "options": {
        "reportDir": "cypress/results",
        "overwrite": false,
        "html": false,
        "json": true
      },
      "version": "6.2.0"
    }
  }
}