{
  "stats": {
    "suites": 3,
    "tests": 11,
    "passes": 11,
    "pending": 0,
    "failures": 0,
    "start": "2022-12-08T10:13:25.926Z",
    "end": "2022-12-08T10:13:31.623Z",
    "duration": 5697,
    "testsRegistered": 11,
    "passPercent": 100,
    "pendingPercent": 0,
    "other": 0,
    "hasOther": false,
    "skipped": 0,
    "hasSkipped": false
  },
  "results": [
    {
      "uuid": "a87cd021-c44c-4c2a-abb2-9bba43320e2a",
      "title": "",
      "fullFile": "cypress/e2e/testHut.cy.js",
      "file": "cypress/e2e/testHut.cy.js",
      "beforeHooks": [],
      "afterHooks": [],
      "tests": [],
      "suites": [
        {
          "uuid": "e3b3b864-e4fa-4c46-9692-932d6989859d",
          "title": "hutform e2e tset",
          "fullFile": "",
          "file": "",
          "beforeHooks": [],
          "afterHooks": [],
          "tests": [
            {
              "title": "login ",
              "fullTitle": "hutform e2e tset login ",
              "timedOut": null,
              "duration": 2425,
              "state": "passed",
              "speed": "fast",
              "pass": true,
              "fail": false,
              "pending": false,
              "context": null,
              "code": "cy.login(\"lg1@p.it\", \"password\");",
              "err": {},
              "uuid": "6280d812-ed76-49ca-b68d-eb7fb95e6131",
              "parentUUID": "e3b3b864-e4fa-4c46-9692-932d6989859d",
              "isHook": false,
              "skipped": false
            },
            {
              "title": "jump into Huts page test",
              "fullTitle": "hutform e2e tset jump into Huts page test",
              "timedOut": null,
              "duration": 99,
              "state": "passed",
              "speed": "fast",
              "pass": true,
              "fail": false,
              "pending": false,
              "context": null,
              "code": "cy.contains('Huts').click({\n  force: true\n});\ncy.url().should('include', '/huts');",
              "err": {},
              "uuid": "f8721443-ed90-4d3c-8fc6-5eed9938d634",
              "parentUUID": "e3b3b864-e4fa-4c46-9692-932d6989859d",
              "isHook": false,
              "skipped": false
            },
            {
              "title": "create new huts button test",
              "fullTitle": "hutform e2e tset create new huts button test",
              "timedOut": null,
              "duration": 104,
              "state": "passed",
              "speed": "fast",
              "pass": true,
              "fail": false,
              "pending": false,
              "context": null,
              "code": "cy.contains(\"New Hut\").click({\n  force: true\n});\ncy.url().should('include', '/new-hut');",
              "err": {},
              "uuid": "ffa4ac77-c64b-45ac-ba73-274a45911ed4",
              "parentUUID": "e3b3b864-e4fa-4c46-9692-932d6989859d",
              "isHook": false,
              "skipped": false
            },
            {
              "title": "submit hut form",
              "fullTitle": "hutform e2e tset submit hut form",
              "timedOut": null,
              "duration": 1449,
              "state": "passed",
              "speed": "fast",
              "pass": true,
              "fail": false,
              "pending": false,
              "context": null,
              "code": "cy.get('.list-group').trigger('click', 367, 90);\ncy.get('input[id=validationCustom01]').clear({\n  force: true\n}).type('Torino Lingotto').should('have.value', 'Torino Lingotto');\ncy.get('input[id=validationCustom08]').clear({\n  force: true\n}).type('Refuge').should('have.value', 'Refuge');\ncy.get('input[id=validationCustom09]').clear({\n  force: true\n}).type('40').should('have.value', '40');\ncy.get('input[id=validationCustom03]').clear({\n  force: true\n}).type('200').should('have.value', '200');\ncy.get('textarea').clear({\n  force: true\n}).type('good').should('have.value', 'good');\ncy.get(\"[type='submit']\").click({\n  force: true\n});",
              "err": {},
              "uuid": "bd7cc08d-f5d4-4461-8b6e-7fe5bc960b91",
              "parentUUID": "e3b3b864-e4fa-4c46-9692-932d6989859d",
              "isHook": false,
              "skipped": false
            }
          ],
          "suites": [],
          "passes": [
            "6280d812-ed76-49ca-b68d-eb7fb95e6131",
            "f8721443-ed90-4d3c-8fc6-5eed9938d634",
            "ffa4ac77-c64b-45ac-ba73-274a45911ed4",
            "bd7cc08d-f5d4-4461-8b6e-7fe5bc960b91"
          ],
          "failures": [],
          "pending": [],
          "skipped": [],
          "duration": 4077,
          "root": false,
          "rootEmpty": false,
          "_timeout": 2000
        },
        {
          "uuid": "9b8edb31-cd96-46b4-bcf1-5ab684cac4f9",
          "title": "cancel button test of hutform e2e tset",
          "fullFile": "",
          "file": "",
          "beforeHooks": [],
          "afterHooks": [],
          "tests": [
            {
              "title": "jump into Huts page test",
              "fullTitle": "cancel button test of hutform e2e tset jump into Huts page test",
              "timedOut": null,
              "duration": 73,
              "state": "passed",
              "speed": "fast",
              "pass": true,
              "fail": false,
              "pending": false,
              "context": null,
              "code": "cy.contains(\"New Hut\").click({\n  force: true\n});",
              "err": {},
              "uuid": "b3f78c47-156a-49ac-a2ac-1d01aebc92ae",
              "parentUUID": "9b8edb31-cd96-46b4-bcf1-5ab684cac4f9",
              "isHook": false,
              "skipped": false
            },
            {
              "title": "wrong insertion with empty infomation",
              "fullTitle": "cancel button test of hutform e2e tset wrong insertion with empty infomation",
              "timedOut": null,
              "duration": 165,
              "state": "passed",
              "speed": "fast",
              "pass": true,
              "fail": false,
              "pending": false,
              "context": null,
              "code": "cy.contains('Create new hut').click();\ncy.contains('Please insert name');\ncy.contains('Please insert correct type');\ncy.contains('Please insert correct number of beds');\ncy.contains('Please insert correct description');\ncy.contains('Please insert correct altitude');",
              "err": {},
              "uuid": "fe93d0c4-800b-4ea5-9565-cbbb8e42d341",
              "parentUUID": "9b8edb31-cd96-46b4-bcf1-5ab684cac4f9",
              "isHook": false,
              "skipped": false
            },
            {
              "title": "Cancel button test",
              "fullTitle": "cancel button test of hutform e2e tset Cancel button test",
              "timedOut": null,
              "duration": 126,
              "state": "passed",
              "speed": "fast",
              "pass": true,
              "fail": false,
              "pending": false,
              "context": null,
              "code": "cy.contains('Cancel').click();\ncy.url().should('include', '/huts');",
              "err": {},
              "uuid": "806801af-31cf-4499-8e16-41bd2dd5ad84",
              "parentUUID": "9b8edb31-cd96-46b4-bcf1-5ab684cac4f9",
              "isHook": false,
              "skipped": false
            }
          ],
          "suites": [],
          "passes": [
            "b3f78c47-156a-49ac-a2ac-1d01aebc92ae",
            "fe93d0c4-800b-4ea5-9565-cbbb8e42d341",
            "806801af-31cf-4499-8e16-41bd2dd5ad84"
          ],
          "failures": [],
          "pending": [],
          "skipped": [],
          "duration": 364,
          "root": false,
          "rootEmpty": false,
          "_timeout": 2000
        },
        {
          "uuid": "53e3d095-ea9f-4cb0-abb2-8e5c6c2676d8",
          "title": "search hut e2e tset",
          "fullFile": "",
          "file": "",
          "beforeHooks": [],
          "afterHooks": [],
          "tests": [
            {
              "title": "search input form test",
              "fullTitle": "search hut e2e tset search input form test",
              "timedOut": null,
              "duration": 190,
              "state": "passed",
              "speed": "fast",
              "pass": true,
              "fail": false,
              "pending": false,
              "context": null,
              "code": "cy.get(\".md[type='text']\").type('Vil', {\n  force: true\n}).should('have.value', 'Vil');\ncy.get('.list-group').should('contain', 'Villaggio Baffa (Hotel)', 'Calabria', 'Cotronei (KR)');",
              "err": {},
              "uuid": "d76cd8c9-0561-41bf-9aae-d0b37ec35a2a",
              "parentUUID": "53e3d095-ea9f-4cb0-abb2-8e5c6c2676d8",
              "isHook": false,
              "skipped": false
            },
            {
              "title": "see more button exist",
              "fullTitle": "search hut e2e tset see more button exist",
              "timedOut": null,
              "duration": 99,
              "state": "passed",
              "speed": "fast",
              "pass": true,
              "fail": false,
              "pending": false,
              "context": null,
              "code": "cy.contains('see more').click();\ncy.url().should('include', 'hut/18');",
              "err": {},
              "uuid": "a2a49a61-b10c-4572-a1b2-6852177df8d7",
              "parentUUID": "53e3d095-ea9f-4cb0-abb2-8e5c6c2676d8",
              "isHook": false,
              "skipped": false
            },
            {
              "title": "show all info of the hut which is searched",
              "fullTitle": "search hut e2e tset show all info of the hut which is searched",
              "timedOut": null,
              "duration": 13,
              "state": "passed",
              "speed": "fast",
              "pass": true,
              "fail": false,
              "pending": false,
              "context": null,
              "code": "cy.get('.titleBig').should('contain', 'Villaggio Baffa (Hotel)');\ncy.get('.textGrayPrimaryItalic').should('contain', 'Villaggio Baffa is an excellent combination for short or long stays and at any time of the year.');\ncy.get('.textGrayPrimaryBig').should('contain', 'Calabria', 'Cotronei (KR)', 'Beds: 28');",
              "err": {},
              "uuid": "3487610a-b01c-4a3c-bb55-35f29a93defb",
              "parentUUID": "53e3d095-ea9f-4cb0-abb2-8e5c6c2676d8",
              "isHook": false,
              "skipped": false
            },
            {
              "title": "the input does not match any hut test",
              "fullTitle": "search hut e2e tset the input does not match any hut test",
              "timedOut": null,
              "duration": 210,
              "state": "passed",
              "speed": "fast",
              "pass": true,
              "fail": false,
              "pending": false,
              "context": null,
              "code": "cy.contains('Huts').click({\n  force: true\n});\ncy.get(\".md[type='text']\").type('Ro', {\n  force: true\n}).should('have.value', 'Ro');\ncy.get('.container').should(\"not.have.class\", \"list-group\");",
              "err": {},
              "uuid": "69dd68fd-10eb-4b43-b144-5f4cea90093e",
              "parentUUID": "53e3d095-ea9f-4cb0-abb2-8e5c6c2676d8",
              "isHook": false,
              "skipped": false
            }
          ],
          "suites": [],
          "passes": [
            "d76cd8c9-0561-41bf-9aae-d0b37ec35a2a",
            "a2a49a61-b10c-4572-a1b2-6852177df8d7",
            "3487610a-b01c-4a3c-bb55-35f29a93defb",
            "69dd68fd-10eb-4b43-b144-5f4cea90093e"
          ],
          "failures": [],
          "pending": [],
          "skipped": [],
          "duration": 512,
          "root": false,
          "rootEmpty": false,
          "_timeout": 2000
        }
      ],
      "passes": [],
      "failures": [],
      "pending": [],
      "skipped": [],
      "duration": 0,
      "root": true,
      "rootEmpty": true,
      "_timeout": 2000
    }
  ],
  "meta": {
    "mocha": {
      "version": "7.0.1"
    },
    "mochawesome": {
      "options": {
        "quiet": false,
        "reportFilename": "mochawesome",
        "saveHtml": false,
        "saveJson": true,
        "consoleReporter": "spec",
        "useInlineDiffs": false,
        "code": true
      },
      "version": "7.1.3"
    },
    "marge": {
      "options": {
        "reportDir": "cypress/results",
        "overwrite": false,
        "html": false,
        "json": true
      },
      "version": "6.2.0"
    }
  }
}