{
  "stats": {
    "suites": 3,
    "tests": 11,
    "passes": 11,
    "pending": 0,
    "failures": 0,
    "start": "2022-12-21T22:09:50.173Z",
    "end": "2022-12-21T22:09:55.645Z",
    "duration": 5472,
    "testsRegistered": 11,
    "passPercent": 100,
    "pendingPercent": 0,
    "other": 0,
    "hasOther": false,
    "skipped": 0,
    "hasSkipped": false
  },
  "results": [
    {
      "uuid": "dd8b2fa5-f7d9-45be-9855-7b7ed4dd8d8b",
      "title": "",
      "fullFile": "cypress/e2e/testHut.cy.js",
      "file": "cypress/e2e/testHut.cy.js",
      "beforeHooks": [],
      "afterHooks": [],
      "tests": [],
      "suites": [
        {
          "uuid": "794e7d21-b92c-415d-af46-f08b188d3437",
          "title": "hutform e2e tset",
          "fullFile": "",
          "file": "",
          "beforeHooks": [],
          "afterHooks": [],
          "tests": [
            {
              "title": "login ",
              "fullTitle": "hutform e2e tset login ",
              "timedOut": null,
              "duration": 2130,
              "state": "passed",
              "speed": "fast",
              "pass": true,
              "fail": false,
              "pending": false,
              "context": null,
              "code": "cy.login(\"lg1@p.it\", \"password\");",
              "err": {},
              "uuid": "3e648eb3-2c68-4e6f-9f2b-2845d361c73c",
              "parentUUID": "794e7d21-b92c-415d-af46-f08b188d3437",
              "isHook": false,
              "skipped": false
            },
            {
              "title": "jump into Huts page test",
              "fullTitle": "hutform e2e tset jump into Huts page test",
              "timedOut": null,
              "duration": 77,
              "state": "passed",
              "speed": "fast",
              "pass": true,
              "fail": false,
              "pending": false,
              "context": null,
              "code": "cy.contains('Huts').click({\n  force: true\n});\ncy.url().should('include', '/huts');",
              "err": {},
              "uuid": "533fad94-c288-4665-91ee-c800f8ae5973",
              "parentUUID": "794e7d21-b92c-415d-af46-f08b188d3437",
              "isHook": false,
              "skipped": false
            },
            {
              "title": "create new huts button test",
              "fullTitle": "hutform e2e tset create new huts button test",
              "timedOut": null,
              "duration": 71,
              "state": "passed",
              "speed": "fast",
              "pass": true,
              "fail": false,
              "pending": false,
              "context": null,
              "code": "cy.contains(\"New Hut\").click({\n  force: true\n});\ncy.url().should('include', '/new-hut');",
              "err": {},
              "uuid": "b9ebdb4d-dd93-42e9-adca-88ca05489105",
              "parentUUID": "794e7d21-b92c-415d-af46-f08b188d3437",
              "isHook": false,
              "skipped": false
            },
            {
              "title": "submit hut form",
              "fullTitle": "hutform e2e tset submit hut form",
              "timedOut": null,
              "duration": 1554,
              "state": "passed",
              "speed": "fast",
              "pass": true,
              "fail": false,
              "pending": false,
              "context": null,
              "code": "cy.get('.list-group').trigger('click', 367, 90);\ncy.get('input[id=validationCustom01]').clear({\n  force: true\n}).type('Torino Lingotto').should('have.value', 'Torino Lingotto');\ncy.get('input[id=validationCustom08]').clear({\n  force: true\n}).type('Refuge').should('have.value', 'Refuge');\ncy.get('input[id=validationCustom09]').clear({\n  force: true\n}).type('40').should('have.value', '40');\ncy.get('input[id=validationCustom03]').clear({\n  force: true\n}).type('200').should('have.value', '200');\ncy.get('textarea').clear({\n  force: true\n}).type('good').should('have.value', 'good');\ncy.get(\"[type='submit']\").click({\n  force: true\n});",
              "err": {},
              "uuid": "ed45e419-ac9d-44be-8d62-ac52b19fe201",
              "parentUUID": "794e7d21-b92c-415d-af46-f08b188d3437",
              "isHook": false,
              "skipped": false
            }
          ],
          "suites": [],
          "passes": [
            "3e648eb3-2c68-4e6f-9f2b-2845d361c73c",
            "533fad94-c288-4665-91ee-c800f8ae5973",
            "b9ebdb4d-dd93-42e9-adca-88ca05489105",
            "ed45e419-ac9d-44be-8d62-ac52b19fe201"
          ],
          "failures": [],
          "pending": [],
          "skipped": [],
          "duration": 3832,
          "root": false,
          "rootEmpty": false,
          "_timeout": 2000
        },
        {
          "uuid": "9a4392c2-e9bc-4944-b1e3-00928c1f2397",
          "title": "cancel button test of hutform e2e tset",
          "fullFile": "",
          "file": "",
          "beforeHooks": [],
          "afterHooks": [],
          "tests": [
            {
              "title": "jump into Huts page test",
              "fullTitle": "cancel button test of hutform e2e tset jump into Huts page test",
              "timedOut": null,
              "duration": 74,
              "state": "passed",
              "speed": "fast",
              "pass": true,
              "fail": false,
              "pending": false,
              "context": null,
              "code": "cy.contains(\"New Hut\").click({\n  force: true\n});",
              "err": {},
              "uuid": "5c171f7f-87f7-4ab1-8e23-303ee4d58c51",
              "parentUUID": "9a4392c2-e9bc-4944-b1e3-00928c1f2397",
              "isHook": false,
              "skipped": false
            },
            {
              "title": "wrong insertion with empty infomation",
              "fullTitle": "cancel button test of hutform e2e tset wrong insertion with empty infomation",
              "timedOut": null,
              "duration": 144,
              "state": "passed",
              "speed": "fast",
              "pass": true,
              "fail": false,
              "pending": false,
              "context": null,
              "code": "cy.contains('Create new hut').click();\ncy.contains('Please insert name');\ncy.contains('Please insert correct type');\ncy.contains('Please insert correct number of beds');\ncy.contains('Please insert correct description');\ncy.contains('Please insert correct altitude');",
              "err": {},
              "uuid": "add9538f-ed00-4be7-8970-5af23451ab8b",
              "parentUUID": "9a4392c2-e9bc-4944-b1e3-00928c1f2397",
              "isHook": false,
              "skipped": false
            },
            {
              "title": "Cancel button test",
              "fullTitle": "cancel button test of hutform e2e tset Cancel button test",
              "timedOut": null,
              "duration": 98,
              "state": "passed",
              "speed": "fast",
              "pass": true,
              "fail": false,
              "pending": false,
              "context": null,
              "code": "cy.contains('Cancel').click();\ncy.url().should('include', '/huts');",
              "err": {},
              "uuid": "0a6deb90-8368-49b3-ae50-81ba6c401220",
              "parentUUID": "9a4392c2-e9bc-4944-b1e3-00928c1f2397",
              "isHook": false,
              "skipped": false
            }
          ],
          "suites": [],
          "passes": [
            "5c171f7f-87f7-4ab1-8e23-303ee4d58c51",
            "add9538f-ed00-4be7-8970-5af23451ab8b",
            "0a6deb90-8368-49b3-ae50-81ba6c401220"
          ],
          "failures": [],
          "pending": [],
          "skipped": [],
          "duration": 316,
          "root": false,
          "rootEmpty": false,
          "_timeout": 2000
        },
        {
          "uuid": "1b604bd8-a95e-4353-8988-907737bb3bc7",
          "title": "search hut e2e tset",
          "fullFile": "",
          "file": "",
          "beforeHooks": [],
          "afterHooks": [],
          "tests": [
            {
              "title": "search input form test",
              "fullTitle": "search hut e2e tset search input form test",
              "timedOut": null,
              "duration": 259,
              "state": "passed",
              "speed": "fast",
              "pass": true,
              "fail": false,
              "pending": false,
              "context": null,
              "code": "cy.get(\".md[type='text']\").type('Vil', {\n  force: true\n}).should('have.value', 'Vil');\ncy.get('.list-group').should('contain', 'Hotel Villaggio Baffa', 'Calabria', 'Cotronei (KR)');",
              "err": {},
              "uuid": "674f0656-0d9f-4fa3-b5b7-04d7450053c7",
              "parentUUID": "1b604bd8-a95e-4353-8988-907737bb3bc7",
              "isHook": false,
              "skipped": false
            },
            {
              "title": "see more button exist",
              "fullTitle": "search hut e2e tset see more button exist",
              "timedOut": null,
              "duration": 141,
              "state": "passed",
              "speed": "fast",
              "pass": true,
              "fail": false,
              "pending": false,
              "context": null,
              "code": "cy.contains('see more').click();\ncy.url().should('include', 'hut/18');",
              "err": {},
              "uuid": "979c7dd1-b765-48c2-8a2a-b77c2c5d8720",
              "parentUUID": "1b604bd8-a95e-4353-8988-907737bb3bc7",
              "isHook": false,
              "skipped": false
            },
            {
              "title": "show all info of the hut which is searched",
              "fullTitle": "search hut e2e tset show all info of the hut which is searched",
              "timedOut": null,
              "duration": 11,
              "state": "passed",
              "speed": "fast",
              "pass": true,
              "fail": false,
              "pending": false,
              "context": null,
              "code": "cy.get('.titleBig').should('contain', 'Hotel Villaggio Baffa');\ncy.get('.textGrayPrimaryItalic').should('contain', 'Villaggio Baffa is an excellent combination for short or long stays and at any time of the year.');\ncy.get('.textGrayPrimaryBig').should('contain', 'Calabria', 'Cotronei (KR)', 'Beds: 28');",
              "err": {},
              "uuid": "61730c32-52c1-4a92-86ce-aad720546fd5",
              "parentUUID": "1b604bd8-a95e-4353-8988-907737bb3bc7",
              "isHook": false,
              "skipped": false
            },
            {
              "title": "the input does not match any hut test",
              "fullTitle": "search hut e2e tset the input does not match any hut test",
              "timedOut": null,
              "duration": 203,
              "state": "passed",
              "speed": "fast",
              "pass": true,
              "fail": false,
              "pending": false,
              "context": null,
              "code": "cy.contains('Huts').click({\n  force: true\n});\ncy.get(\".md[type='text']\").type('Ro', {\n  force: true\n}).should('have.value', 'Ro');\ncy.get('.container').should(\"not.have.class\", \"list-group\");",
              "err": {},
              "uuid": "cd747188-d3ab-4b49-8eeb-341b79648a7e",
              "parentUUID": "1b604bd8-a95e-4353-8988-907737bb3bc7",
              "isHook": false,
              "skipped": false
            }
          ],
          "suites": [],
          "passes": [
            "674f0656-0d9f-4fa3-b5b7-04d7450053c7",
            "979c7dd1-b765-48c2-8a2a-b77c2c5d8720",
            "61730c32-52c1-4a92-86ce-aad720546fd5",
            "cd747188-d3ab-4b49-8eeb-341b79648a7e"
          ],
          "failures": [],
          "pending": [],
          "skipped": [],
          "duration": 614,
          "root": false,
          "rootEmpty": false,
          "_timeout": 2000
        }
      ],
      "passes": [],
      "failures": [],
      "pending": [],
      "skipped": [],
      "duration": 0,
      "root": true,
      "rootEmpty": true,
      "_timeout": 2000
    }
  ],
  "meta": {
    "mocha": {
      "version": "7.0.1"
    },
    "mochawesome": {
      "options": {
        "quiet": false,
        "reportFilename": "mochawesome",
        "saveHtml": false,
        "saveJson": true,
        "consoleReporter": "spec",
        "useInlineDiffs": false,
        "code": true
      },
      "version": "7.1.3"
    },
    "marge": {
      "options": {
        "reportDir": "cypress/results",
        "overwrite": false,
        "html": false,
        "json": true
      },
      "version": "6.2.0"
    }
  }
}