{
  "stats": {
    "suites": 3,
    "tests": 11,
    "passes": 11,
    "pending": 0,
    "failures": 0,
    "start": "2022-12-07T17:33:29.756Z",
    "end": "2022-12-07T17:33:35.444Z",
    "duration": 5688,
    "testsRegistered": 11,
    "passPercent": 100,
    "pendingPercent": 0,
    "other": 0,
    "hasOther": false,
    "skipped": 0,
    "hasSkipped": false
  },
  "results": [
    {
      "uuid": "e1cdd6d8-714f-4c6b-baf3-11e67a37a616",
      "title": "",
      "fullFile": "cypress/e2e/testHut.cy.js",
      "file": "cypress/e2e/testHut.cy.js",
      "beforeHooks": [],
      "afterHooks": [],
      "tests": [],
      "suites": [
        {
          "uuid": "1fb1a23a-9765-4b33-ab44-baf84df29945",
          "title": "hutform e2e tset",
          "fullFile": "",
          "file": "",
          "beforeHooks": [],
          "afterHooks": [],
          "tests": [
            {
              "title": "login ",
              "fullTitle": "hutform e2e tset login ",
              "timedOut": null,
              "duration": 2470,
              "state": "passed",
              "speed": "fast",
              "pass": true,
              "fail": false,
              "pending": false,
              "context": null,
              "code": "cy.login(\"lg1@p.it\", \"password\");",
              "err": {},
              "uuid": "167783bc-05a2-4f9b-974c-1ee29e2f3936",
              "parentUUID": "1fb1a23a-9765-4b33-ab44-baf84df29945",
              "isHook": false,
              "skipped": false
            },
            {
              "title": "jump into Huts page test",
              "fullTitle": "hutform e2e tset jump into Huts page test",
              "timedOut": null,
              "duration": 136,
              "state": "passed",
              "speed": "fast",
              "pass": true,
              "fail": false,
              "pending": false,
              "context": null,
              "code": "cy.contains('Huts').click({\n  force: true\n});\ncy.url().should('include', '/huts');",
              "err": {},
              "uuid": "7fe7f414-92d8-4610-8f56-78ea4d8c8090",
              "parentUUID": "1fb1a23a-9765-4b33-ab44-baf84df29945",
              "isHook": false,
              "skipped": false
            },
            {
              "title": "create new huts button test",
              "fullTitle": "hutform e2e tset create new huts button test",
              "timedOut": null,
              "duration": 103,
              "state": "passed",
              "speed": "fast",
              "pass": true,
              "fail": false,
              "pending": false,
              "context": null,
              "code": "cy.contains(\"New Hut\").click({\n  force: true\n});\ncy.url().should('include', '/new-hut');",
              "err": {},
              "uuid": "7fd90991-91e5-432c-8538-d0a4192bef8e",
              "parentUUID": "1fb1a23a-9765-4b33-ab44-baf84df29945",
              "isHook": false,
              "skipped": false
            },
            {
              "title": "submit hut form",
              "fullTitle": "hutform e2e tset submit hut form",
              "timedOut": null,
              "duration": 1444,
              "state": "passed",
              "speed": "fast",
              "pass": true,
              "fail": false,
              "pending": false,
              "context": null,
              "code": "cy.get('.list-group').trigger('click', 367, 90);\ncy.get('input[id=validationCustom01]').clear({\n  force: true\n}).type('Torino Lingotto').should('have.value', 'Torino Lingotto');\ncy.get('input[id=validationCustom08]').clear({\n  force: true\n}).type('Refuge').should('have.value', 'Refuge');\ncy.get('input[id=validationCustom09]').clear({\n  force: true\n}).type('40').should('have.value', '40');\ncy.get('input[id=validationCustom03]').clear({\n  force: true\n}).type('200').should('have.value', '200');\ncy.get('textarea').clear({\n  force: true\n}).type('good').should('have.value', 'good');\ncy.get(\"[type='submit']\").click({\n  force: true\n});",
              "err": {},
              "uuid": "5afa9269-6cb9-41d4-b4cf-915823f167d9",
              "parentUUID": "1fb1a23a-9765-4b33-ab44-baf84df29945",
              "isHook": false,
              "skipped": false
            }
          ],
          "suites": [],
          "passes": [
            "167783bc-05a2-4f9b-974c-1ee29e2f3936",
            "7fe7f414-92d8-4610-8f56-78ea4d8c8090",
            "7fd90991-91e5-432c-8538-d0a4192bef8e",
            "5afa9269-6cb9-41d4-b4cf-915823f167d9"
          ],
          "failures": [],
          "pending": [],
          "skipped": [],
          "duration": 4153,
          "root": false,
          "rootEmpty": false,
          "_timeout": 2000
        },
        {
          "uuid": "1c524922-3548-40ad-816f-f47961fe645f",
          "title": "cancel button test of hutform e2e tset",
          "fullFile": "",
          "file": "",
          "beforeHooks": [],
          "afterHooks": [],
          "tests": [
            {
              "title": "jump into Huts page test",
              "fullTitle": "cancel button test of hutform e2e tset jump into Huts page test",
              "timedOut": null,
              "duration": 76,
              "state": "passed",
              "speed": "fast",
              "pass": true,
              "fail": false,
              "pending": false,
              "context": null,
              "code": "cy.contains(\"New Hut\").click({\n  force: true\n});",
              "err": {},
              "uuid": "9067957c-967f-43b3-ae97-11ce6db671d9",
              "parentUUID": "1c524922-3548-40ad-816f-f47961fe645f",
              "isHook": false,
              "skipped": false
            },
            {
              "title": "wrong insertion with empty infomation",
              "fullTitle": "cancel button test of hutform e2e tset wrong insertion with empty infomation",
              "timedOut": null,
              "duration": 154,
              "state": "passed",
              "speed": "fast",
              "pass": true,
              "fail": false,
              "pending": false,
              "context": null,
              "code": "cy.contains('Create new hut').click();\ncy.contains('Please insert name');\ncy.contains('Please insert correct type');\ncy.contains('Please insert correct number of beds');\ncy.contains('Please insert correct description');\ncy.contains('Please insert correct altitude');",
              "err": {},
              "uuid": "86f72229-60e6-4317-8f5e-6fe9473e008e",
              "parentUUID": "1c524922-3548-40ad-816f-f47961fe645f",
              "isHook": false,
              "skipped": false
            },
            {
              "title": "Cancel button test",
              "fullTitle": "cancel button test of hutform e2e tset Cancel button test",
              "timedOut": null,
              "duration": 102,
              "state": "passed",
              "speed": "fast",
              "pass": true,
              "fail": false,
              "pending": false,
              "context": null,
              "code": "cy.contains('Cancel').click();\ncy.url().should('include', '/huts');",
              "err": {},
              "uuid": "4753c7ea-b4a0-44fc-8059-fca49c5a9629",
              "parentUUID": "1c524922-3548-40ad-816f-f47961fe645f",
              "isHook": false,
              "skipped": false
            }
          ],
          "suites": [],
          "passes": [
            "9067957c-967f-43b3-ae97-11ce6db671d9",
            "86f72229-60e6-4317-8f5e-6fe9473e008e",
            "4753c7ea-b4a0-44fc-8059-fca49c5a9629"
          ],
          "failures": [],
          "pending": [],
          "skipped": [],
          "duration": 332,
          "root": false,
          "rootEmpty": false,
          "_timeout": 2000
        },
        {
          "uuid": "d0cb0342-53d3-48db-a2e2-646b37bfed36",
          "title": "search hut e2e tset",
          "fullFile": "",
          "file": "",
          "beforeHooks": [],
          "afterHooks": [],
          "tests": [
            {
              "title": "search input form test",
              "fullTitle": "search hut e2e tset search input form test",
              "timedOut": null,
              "duration": 156,
              "state": "passed",
              "speed": "fast",
              "pass": true,
              "fail": false,
              "pending": false,
              "context": null,
              "code": "cy.get(\".md[type='text']\").type('Vil', {\n  force: true\n}).should('have.value', 'Vil');\ncy.get('.list-group').should('contain', 'Villaggio Baffa (Hotel)', 'Calabria', 'Cotronei (KR)');",
              "err": {},
              "uuid": "8f70abcb-fcea-4a13-aa54-39d0ef5aa35c",
              "parentUUID": "d0cb0342-53d3-48db-a2e2-646b37bfed36",
              "isHook": false,
              "skipped": false
            },
            {
              "title": "see more button exist",
              "fullTitle": "search hut e2e tset see more button exist",
              "timedOut": null,
              "duration": 97,
              "state": "passed",
              "speed": "fast",
              "pass": true,
              "fail": false,
              "pending": false,
              "context": null,
              "code": "cy.contains('see more').click();\ncy.url().should('include', 'hut/18');",
              "err": {},
              "uuid": "08f7d76a-666f-47b7-bbd0-0e20e4651fab",
              "parentUUID": "d0cb0342-53d3-48db-a2e2-646b37bfed36",
              "isHook": false,
              "skipped": false
            },
            {
              "title": "show all info of the hut which is searched",
              "fullTitle": "search hut e2e tset show all info of the hut which is searched",
              "timedOut": null,
              "duration": 10,
              "state": "passed",
              "speed": "fast",
              "pass": true,
              "fail": false,
              "pending": false,
              "context": null,
              "code": "cy.get('.titleBig').should('contain', 'Villaggio Baffa (Hotel)');\ncy.get('.textGrayPrimaryItalic').should('contain', 'Villaggio Baffa is an excellent combination for short or long stays and at any time of the year.');\ncy.get('.textGrayPrimaryBig').should('contain', 'Calabria', 'Cotronei (KR)', 'Beds: 28');",
              "err": {},
              "uuid": "29993919-ddad-4c36-9f0c-6a734a508322",
              "parentUUID": "d0cb0342-53d3-48db-a2e2-646b37bfed36",
              "isHook": false,
              "skipped": false
            },
            {
              "title": "the input does not match any hut test",
              "fullTitle": "search hut e2e tset the input does not match any hut test",
              "timedOut": null,
              "duration": 204,
              "state": "passed",
              "speed": "fast",
              "pass": true,
              "fail": false,
              "pending": false,
              "context": null,
              "code": "cy.contains('Huts').click({\n  force: true\n});\ncy.get(\".md[type='text']\").type('Ro', {\n  force: true\n}).should('have.value', 'Ro');\ncy.get('.container').should(\"not.have.class\", \"list-group\");",
              "err": {},
              "uuid": "f55315fb-a001-48e1-973a-e5c77fbe4aab",
              "parentUUID": "d0cb0342-53d3-48db-a2e2-646b37bfed36",
              "isHook": false,
              "skipped": false
            }
          ],
          "suites": [],
          "passes": [
            "8f70abcb-fcea-4a13-aa54-39d0ef5aa35c",
            "08f7d76a-666f-47b7-bbd0-0e20e4651fab",
            "29993919-ddad-4c36-9f0c-6a734a508322",
            "f55315fb-a001-48e1-973a-e5c77fbe4aab"
          ],
          "failures": [],
          "pending": [],
          "skipped": [],
          "duration": 467,
          "root": false,
          "rootEmpty": false,
          "_timeout": 2000
        }
      ],
      "passes": [],
      "failures": [],
      "pending": [],
      "skipped": [],
      "duration": 0,
      "root": true,
      "rootEmpty": true,
      "_timeout": 2000
    }
  ],
  "meta": {
    "mocha": {
      "version": "7.0.1"
    },
    "mochawesome": {
      "options": {
        "quiet": false,
        "reportFilename": "mochawesome",
        "saveHtml": false,
        "saveJson": true,
        "consoleReporter": "spec",
        "useInlineDiffs": false,
        "code": true
      },
      "version": "7.1.3"
    },
    "marge": {
      "options": {
        "reportDir": "cypress/results",
        "overwrite": false,
        "html": false,
        "json": true
      },
      "version": "6.2.0"
    }
  }
}