{
  "stats": {
    "suites": 1,
    "tests": 5,
    "passes": 5,
    "pending": 0,
    "failures": 0,
    "start": "2022-12-08T10:13:10.837Z",
    "end": "2022-12-08T10:13:15.259Z",
    "duration": 4422,
    "testsRegistered": 5,
    "passPercent": 100,
    "pendingPercent": 0,
    "other": 0,
    "hasOther": false,
    "skipped": 0,
    "hasSkipped": false
  },
  "results": [
    {
      "uuid": "8547c46d-94b5-40f8-ac52-0b66d06f2914",
      "title": "",
      "fullFile": "cypress/e2e/login.cy.js",
      "file": "cypress/e2e/login.cy.js",
      "beforeHooks": [],
      "afterHooks": [],
      "tests": [],
      "suites": [
        {
          "uuid": "8e911a6a-c429-4510-9920-d6cd72c55db8",
          "title": "login and logout e2e tset",
          "fullFile": "",
          "file": "",
          "beforeHooks": [],
          "afterHooks": [],
          "tests": [
            {
              "title": "1 access the webpage",
              "fullTitle": "login and logout e2e tset 1 access the webpage",
              "timedOut": null,
              "duration": 1098,
              "state": "passed",
              "speed": "fast",
              "pass": true,
              "fail": false,
              "pending": false,
              "context": null,
              "code": "cy.visit('http://localhost:3000/');",
              "err": {},
              "uuid": "9b56a786-b06c-46bb-bc2d-2292b395222e",
              "parentUUID": "8e911a6a-c429-4510-9920-d6cd72c55db8",
              "isHook": false,
              "skipped": false
            },
            {
              "title": "Login button exists",
              "fullTitle": "login and logout e2e tset Login button exists",
              "timedOut": null,
              "duration": 140,
              "state": "passed",
              "speed": "fast",
              "pass": true,
              "fail": false,
              "pending": false,
              "context": null,
              "code": "cy.contains('Login').click();",
              "err": {},
              "uuid": "d791302e-d762-4753-bfef-019c68c919eb",
              "parentUUID": "8e911a6a-c429-4510-9920-d6cd72c55db8",
              "isHook": false,
              "skipped": false
            },
            {
              "title": "wrong login with wrong info",
              "fullTitle": "login and logout e2e tset wrong login with wrong info",
              "timedOut": null,
              "duration": 986,
              "state": "passed",
              "speed": "fast",
              "pass": true,
              "fail": false,
              "pending": false,
              "context": null,
              "code": "cy.get('input[id=username]').clear();\ncy.get('input[id=password]').clear();\ncy.get('input[id=username]').type('lg1@p.it').should('have.value', 'lg1@p.it');\ncy.get('input[id=password]').type('passwordd').should('have.value', 'passwordd');\ncy.contains('Login').click();\ncy.contains('Username and/or password wrong. Try again.');",
              "err": {},
              "uuid": "bcefc530-c988-4fbf-a0b1-a38b196d1a72",
              "parentUUID": "8e911a6a-c429-4510-9920-d6cd72c55db8",
              "isHook": false,
              "skipped": false
            },
            {
              "title": "login form test",
              "fullTitle": "login and logout e2e tset login form test",
              "timedOut": null,
              "duration": 1323,
              "state": "passed",
              "speed": "fast",
              "pass": true,
              "fail": false,
              "pending": false,
              "context": null,
              "code": "cy.get('input[id=username]').clear();\ncy.get('input[id=password]').clear();\ncy.get('input[id=username]').type('lg1@p.it').should('have.value', 'lg1@p.it');\ncy.get('input[id=password]').type('password').should('have.value', 'password');\ncy.contains('Login').click();\ncy.url().should('include', '/home');",
              "err": {},
              "uuid": "f6b8223f-afca-42ef-ad31-77cff6f83c6e",
              "parentUUID": "8e911a6a-c429-4510-9920-d6cd72c55db8",
              "isHook": false,
              "skipped": false
            },
            {
              "title": "logout button test",
              "fullTitle": "login and logout e2e tset logout button test",
              "timedOut": null,
              "duration": 171,
              "state": "passed",
              "speed": "fast",
              "pass": true,
              "fail": false,
              "pending": false,
              "context": null,
              "code": "cy.contains('Logout').click();\ncy.url().should('include', '/home');\ncy.contains('Login');",
              "err": {},
              "uuid": "e787f923-9592-4550-ab5b-f38306e74b15",
              "parentUUID": "8e911a6a-c429-4510-9920-d6cd72c55db8",
              "isHook": false,
              "skipped": false
            }
          ],
          "suites": [],
          "passes": [
            "9b56a786-b06c-46bb-bc2d-2292b395222e",
            "d791302e-d762-4753-bfef-019c68c919eb",
            "bcefc530-c988-4fbf-a0b1-a38b196d1a72",
            "f6b8223f-afca-42ef-ad31-77cff6f83c6e",
            "e787f923-9592-4550-ab5b-f38306e74b15"
          ],
          "failures": [],
          "pending": [],
          "skipped": [],
          "duration": 3718,
          "root": false,
          "rootEmpty": false,
          "_timeout": 2000
        }
      ],
      "passes": [],
      "failures": [],
      "pending": [],
      "skipped": [],
      "duration": 0,
      "root": true,
      "rootEmpty": true,
      "_timeout": 2000
    }
  ],
  "meta": {
    "mocha": {
      "version": "7.0.1"
    },
    "mochawesome": {
      "options": {
        "quiet": false,
        "reportFilename": "mochawesome",
        "saveHtml": false,
        "saveJson": true,
        "consoleReporter": "spec",
        "useInlineDiffs": false,
        "code": true
      },
      "version": "7.1.3"
    },
    "marge": {
      "options": {
        "reportDir": "cypress/results",
        "overwrite": false,
        "html": false,
        "json": true
      },
      "version": "6.2.0"
    }
  }
}