{
  "stats": {
    "suites": 2,
    "tests": 7,
    "passes": 7,
    "pending": 0,
    "failures": 0,
    "start": "2022-12-21T22:09:45.784Z",
    "end": "2022-12-21T22:09:49.473Z",
    "duration": 3689,
    "testsRegistered": 7,
    "passPercent": 100,
    "pendingPercent": 0,
    "other": 0,
    "hasOther": false,
    "skipped": 0,
    "hasSkipped": false
  },
  "results": [
    {
      "uuid": "d907b8d8-5509-4b6d-805a-a78e7b531b84",
      "title": "",
      "fullFile": "cypress/e2e/newpark.cy.js",
      "file": "cypress/e2e/newpark.cy.js",
      "beforeHooks": [],
      "afterHooks": [],
      "tests": [],
      "suites": [
        {
          "uuid": "f8f5bb3b-c4b3-4c68-ac3b-433769b35c46",
          "title": "parkingform e2e tset",
          "fullFile": "",
          "file": "",
          "beforeHooks": [],
          "afterHooks": [],
          "tests": [
            {
              "title": "login ",
              "fullTitle": "parkingform e2e tset login ",
              "timedOut": null,
              "duration": 2101,
              "state": "passed",
              "speed": "fast",
              "pass": true,
              "fail": false,
              "pending": false,
              "context": null,
              "code": "cy.login(\"lg1@p.it\", \"password\");",
              "err": {},
              "uuid": "71238c3a-a31c-4a56-b754-964db5921c9e",
              "parentUUID": "f8f5bb3b-c4b3-4c68-ac3b-433769b35c46",
              "isHook": false,
              "skipped": false
            },
            {
              "title": "jump into parkingLots page test",
              "fullTitle": "parkingform e2e tset jump into parkingLots page test",
              "timedOut": null,
              "duration": 76,
              "state": "passed",
              "speed": "fast",
              "pass": true,
              "fail": false,
              "pending": false,
              "context": null,
              "code": "cy.contains('Parking Lots').click({\n  force: true\n});\ncy.url().should('include', '/parkingLots');",
              "err": {},
              "uuid": "769e5f79-e75f-49a3-ab42-7abe2a713660",
              "parentUUID": "f8f5bb3b-c4b3-4c68-ac3b-433769b35c46",
              "isHook": false,
              "skipped": false
            },
            {
              "title": "create new parking button test",
              "fullTitle": "parkingform e2e tset create new parking button test",
              "timedOut": null,
              "duration": 76,
              "state": "passed",
              "speed": "fast",
              "pass": true,
              "fail": false,
              "pending": false,
              "context": null,
              "code": "cy.contains('New Parking Lot').click({\n  force: true\n});\ncy.url().should('include', '/new-parking');",
              "err": {},
              "uuid": "53261d5e-afd8-4b69-beec-02aaf9b88b9f",
              "parentUUID": "f8f5bb3b-c4b3-4c68-ac3b-433769b35c46",
              "isHook": false,
              "skipped": false
            },
            {
              "title": "submit parkingLot form",
              "fullTitle": "parkingform e2e tset submit parkingLot form",
              "timedOut": null,
              "duration": 422,
              "state": "passed",
              "speed": "fast",
              "pass": true,
              "fail": false,
              "pending": false,
              "context": null,
              "code": "cy.get('.list-group').trigger('click');\ncy.get('input[id=validationCustom01]').type('Nizza', {\n  force: true\n}).should('have.value', 'Nizza');\ncy.get('input[id=validationCustom03]').type('333', {\n  force: true\n}).should('have.value', '333');\ncy.get('.justify-content-center').should('be.visible');\ncy.get('button').contains('Create new parking lot').click({\n  force: true\n});",
              "err": {},
              "uuid": "ab827379-eb37-4419-b1d3-f8ca5036edac",
              "parentUUID": "f8f5bb3b-c4b3-4c68-ac3b-433769b35c46",
              "isHook": false,
              "skipped": false
            }
          ],
          "suites": [],
          "passes": [
            "71238c3a-a31c-4a56-b754-964db5921c9e",
            "769e5f79-e75f-49a3-ab42-7abe2a713660",
            "53261d5e-afd8-4b69-beec-02aaf9b88b9f",
            "ab827379-eb37-4419-b1d3-f8ca5036edac"
          ],
          "failures": [],
          "pending": [],
          "skipped": [],
          "duration": 2675,
          "root": false,
          "rootEmpty": false,
          "_timeout": 2000
        },
        {
          "uuid": "63385c02-819e-4db3-a635-3f371c6b05ff",
          "title": "cancel button test of parkingform e2e tset",
          "fullFile": "",
          "file": "",
          "beforeHooks": [],
          "afterHooks": [],
          "tests": [
            {
              "title": "back to create new parking button",
              "fullTitle": "cancel button test of parkingform e2e tset back to create new parking button",
              "timedOut": null,
              "duration": 174,
              "state": "passed",
              "speed": "fast",
              "pass": true,
              "fail": false,
              "pending": false,
              "context": null,
              "code": "cy.go('back');\ncy.contains(\"New Parking Lot\").click({\n  force: true\n});",
              "err": {},
              "uuid": "29f65a7a-0f6a-433b-9c1a-77dbbe0a4424",
              "parentUUID": "63385c02-819e-4db3-a635-3f371c6b05ff",
              "isHook": false,
              "skipped": false
            },
            {
              "title": "wrong insertion with empty infomation",
              "fullTitle": "cancel button test of parkingform e2e tset wrong insertion with empty infomation",
              "timedOut": null,
              "duration": 115,
              "state": "passed",
              "speed": "fast",
              "pass": true,
              "fail": false,
              "pending": false,
              "context": null,
              "code": "cy.contains('Create new parking lot').click();\ncy.contains('Please insert name');\ncy.contains('Please insert correct altitude');",
              "err": {},
              "uuid": "a7ef160b-a50f-4e98-9ff9-c30f7c80ed1a",
              "parentUUID": "63385c02-819e-4db3-a635-3f371c6b05ff",
              "isHook": false,
              "skipped": false
            },
            {
              "title": "Cancel button test",
              "fullTitle": "cancel button test of parkingform e2e tset Cancel button test",
              "timedOut": null,
              "duration": 69,
              "state": "passed",
              "speed": "fast",
              "pass": true,
              "fail": false,
              "pending": false,
              "context": null,
              "code": "cy.contains('Cancel').click({\n  force: true\n});\ncy.url().should('include', '/parkingLots');",
              "err": {},
              "uuid": "c572f3fe-58e1-4aac-a440-d227a637d3c5",
              "parentUUID": "63385c02-819e-4db3-a635-3f371c6b05ff",
              "isHook": false,
              "skipped": false
            }
          ],
          "suites": [],
          "passes": [
            "29f65a7a-0f6a-433b-9c1a-77dbbe0a4424",
            "a7ef160b-a50f-4e98-9ff9-c30f7c80ed1a",
            "c572f3fe-58e1-4aac-a440-d227a637d3c5"
          ],
          "failures": [],
          "pending": [],
          "skipped": [],
          "duration": 358,
          "root": false,
          "rootEmpty": false,
          "_timeout": 2000
        }
      ],
      "passes": [],
      "failures": [],
      "pending": [],
      "skipped": [],
      "duration": 0,
      "root": true,
      "rootEmpty": true,
      "_timeout": 2000
    }
  ],
  "meta": {
    "mocha": {
      "version": "7.0.1"
    },
    "mochawesome": {
      "options": {
        "quiet": false,
        "reportFilename": "mochawesome",
        "saveHtml": false,
        "saveJson": true,
        "consoleReporter": "spec",
        "useInlineDiffs": false,
        "code": true
      },
      "version": "7.1.3"
    },
    "marge": {
      "options": {
        "reportDir": "cypress/results",
        "overwrite": false,
        "html": false,
        "json": true
      },
      "version": "6.2.0"
    }
  }
}