{
  "stats": {
    "suites": 3,
    "tests": 11,
    "passes": 11,
    "pending": 0,
    "failures": 0,
    "start": "2022-12-09T20:49:41.426Z",
    "end": "2022-12-09T20:49:46.540Z",
    "duration": 5114,
    "testsRegistered": 11,
    "passPercent": 100,
    "pendingPercent": 0,
    "other": 0,
    "hasOther": false,
    "skipped": 0,
    "hasSkipped": false
  },
  "results": [
    {
      "uuid": "6a7406ce-d43f-4e7a-9013-ce25739552f8",
      "title": "",
      "fullFile": "cypress/e2e/testHut.cy.js",
      "file": "cypress/e2e/testHut.cy.js",
      "beforeHooks": [],
      "afterHooks": [],
      "tests": [],
      "suites": [
        {
          "uuid": "4a9024b2-8b8b-4215-bfdc-a9531816d542",
          "title": "hutform e2e tset",
          "fullFile": "",
          "file": "",
          "beforeHooks": [],
          "afterHooks": [],
          "tests": [
            {
              "title": "login ",
              "fullTitle": "hutform e2e tset login ",
              "timedOut": null,
              "duration": 2052,
              "state": "passed",
              "speed": "fast",
              "pass": true,
              "fail": false,
              "pending": false,
              "context": null,
              "code": "cy.login(\"lg1@p.it\", \"password\");",
              "err": {},
              "uuid": "3b325612-27e5-4c04-86bb-c0fb9e286aa9",
              "parentUUID": "4a9024b2-8b8b-4215-bfdc-a9531816d542",
              "isHook": false,
              "skipped": false
            },
            {
              "title": "jump into Huts page test",
              "fullTitle": "hutform e2e tset jump into Huts page test",
              "timedOut": null,
              "duration": 80,
              "state": "passed",
              "speed": "fast",
              "pass": true,
              "fail": false,
              "pending": false,
              "context": null,
              "code": "cy.contains('Huts').click({\n  force: true\n});\ncy.url().should('include', '/huts');",
              "err": {},
              "uuid": "ee2fba34-754f-4d5b-ac78-f707c6162212",
              "parentUUID": "4a9024b2-8b8b-4215-bfdc-a9531816d542",
              "isHook": false,
              "skipped": false
            },
            {
              "title": "create new huts button test",
              "fullTitle": "hutform e2e tset create new huts button test",
              "timedOut": null,
              "duration": 89,
              "state": "passed",
              "speed": "fast",
              "pass": true,
              "fail": false,
              "pending": false,
              "context": null,
              "code": "cy.contains(\"New Hut\").click({\n  force: true\n});\ncy.url().should('include', '/new-hut');",
              "err": {},
              "uuid": "43b98b06-cc1b-4cd1-b892-809242c260f4",
              "parentUUID": "4a9024b2-8b8b-4215-bfdc-a9531816d542",
              "isHook": false,
              "skipped": false
            },
            {
              "title": "submit hut form",
              "fullTitle": "hutform e2e tset submit hut form",
              "timedOut": null,
              "duration": 1445,
              "state": "passed",
              "speed": "fast",
              "pass": true,
              "fail": false,
              "pending": false,
              "context": null,
              "code": "cy.get('.list-group').trigger('click', 367, 90);\ncy.get('input[id=validationCustom01]').clear({\n  force: true\n}).type('Torino Lingotto').should('have.value', 'Torino Lingotto');\ncy.get('input[id=validationCustom08]').clear({\n  force: true\n}).type('Refuge').should('have.value', 'Refuge');\ncy.get('input[id=validationCustom09]').clear({\n  force: true\n}).type('40').should('have.value', '40');\ncy.get('input[id=validationCustom03]').clear({\n  force: true\n}).type('200').should('have.value', '200');\ncy.get('textarea').clear({\n  force: true\n}).type('good').should('have.value', 'good');\ncy.get(\"[type='submit']\").click({\n  force: true\n});",
              "err": {},
              "uuid": "cd01b8b4-ca8e-4cb1-8a01-f7f9d78fc753",
              "parentUUID": "4a9024b2-8b8b-4215-bfdc-a9531816d542",
              "isHook": false,
              "skipped": false
            }
          ],
          "suites": [],
          "passes": [
            "3b325612-27e5-4c04-86bb-c0fb9e286aa9",
            "ee2fba34-754f-4d5b-ac78-f707c6162212",
            "43b98b06-cc1b-4cd1-b892-809242c260f4",
            "cd01b8b4-ca8e-4cb1-8a01-f7f9d78fc753"
          ],
          "failures": [],
          "pending": [],
          "skipped": [],
          "duration": 3666,
          "root": false,
          "rootEmpty": false,
          "_timeout": 2000
        },
        {
          "uuid": "97e8c84b-1d34-40a4-8d5e-1715169a73b7",
          "title": "cancel button test of hutform e2e tset",
          "fullFile": "",
          "file": "",
          "beforeHooks": [],
          "afterHooks": [],
          "tests": [
            {
              "title": "jump into Huts page test",
              "fullTitle": "cancel button test of hutform e2e tset jump into Huts page test",
              "timedOut": null,
              "duration": 74,
              "state": "passed",
              "speed": "fast",
              "pass": true,
              "fail": false,
              "pending": false,
              "context": null,
              "code": "cy.contains(\"New Hut\").click({\n  force: true\n});",
              "err": {},
              "uuid": "7974bd5f-50be-4be6-ab4a-0f2c40978d6a",
              "parentUUID": "97e8c84b-1d34-40a4-8d5e-1715169a73b7",
              "isHook": false,
              "skipped": false
            },
            {
              "title": "wrong insertion with empty infomation",
              "fullTitle": "cancel button test of hutform e2e tset wrong insertion with empty infomation",
              "timedOut": null,
              "duration": 145,
              "state": "passed",
              "speed": "fast",
              "pass": true,
              "fail": false,
              "pending": false,
              "context": null,
              "code": "cy.contains('Create new hut').click();\ncy.contains('Please insert name');\ncy.contains('Please insert correct type');\ncy.contains('Please insert correct number of beds');\ncy.contains('Please insert correct description');\ncy.contains('Please insert correct altitude');",
              "err": {},
              "uuid": "232db35c-2fa6-436c-93ee-799efc584477",
              "parentUUID": "97e8c84b-1d34-40a4-8d5e-1715169a73b7",
              "isHook": false,
              "skipped": false
            },
            {
              "title": "Cancel button test",
              "fullTitle": "cancel button test of hutform e2e tset Cancel button test",
              "timedOut": null,
              "duration": 100,
              "state": "passed",
              "speed": "fast",
              "pass": true,
              "fail": false,
              "pending": false,
              "context": null,
              "code": "cy.contains('Cancel').click();\ncy.url().should('include', '/huts');",
              "err": {},
              "uuid": "76872b20-ef2d-4913-9fd1-e2ecc8cfda60",
              "parentUUID": "97e8c84b-1d34-40a4-8d5e-1715169a73b7",
              "isHook": false,
              "skipped": false
            }
          ],
          "suites": [],
          "passes": [
            "7974bd5f-50be-4be6-ab4a-0f2c40978d6a",
            "232db35c-2fa6-436c-93ee-799efc584477",
            "76872b20-ef2d-4913-9fd1-e2ecc8cfda60"
          ],
          "failures": [],
          "pending": [],
          "skipped": [],
          "duration": 319,
          "root": false,
          "rootEmpty": false,
          "_timeout": 2000
        },
        {
          "uuid": "655d9517-47b7-4f45-8b20-fffcac26581d",
          "title": "search hut e2e tset",
          "fullFile": "",
          "file": "",
          "beforeHooks": [],
          "afterHooks": [],
          "tests": [
            {
              "title": "search input form test",
              "fullTitle": "search hut e2e tset search input form test",
              "timedOut": null,
              "duration": 157,
              "state": "passed",
              "speed": "fast",
              "pass": true,
              "fail": false,
              "pending": false,
              "context": null,
              "code": "cy.get(\".md[type='text']\").type('Vil', {\n  force: true\n}).should('have.value', 'Vil');\ncy.get('.list-group').should('contain', 'Villaggio Baffa (Hotel)', 'Calabria', 'Cotronei (KR)');",
              "err": {},
              "uuid": "e3c303f9-6d15-4d0d-b59b-ef22b1fb91b1",
              "parentUUID": "655d9517-47b7-4f45-8b20-fffcac26581d",
              "isHook": false,
              "skipped": false
            },
            {
              "title": "see more button exist",
              "fullTitle": "search hut e2e tset see more button exist",
              "timedOut": null,
              "duration": 99,
              "state": "passed",
              "speed": "fast",
              "pass": true,
              "fail": false,
              "pending": false,
              "context": null,
              "code": "cy.contains('see more').click();\ncy.url().should('include', 'hut/18');",
              "err": {},
              "uuid": "a089aa19-4d3d-4df4-8bf3-0412e704f6e5",
              "parentUUID": "655d9517-47b7-4f45-8b20-fffcac26581d",
              "isHook": false,
              "skipped": false
            },
            {
              "title": "show all info of the hut which is searched",
              "fullTitle": "search hut e2e tset show all info of the hut which is searched",
              "timedOut": null,
              "duration": 11,
              "state": "passed",
              "speed": "fast",
              "pass": true,
              "fail": false,
              "pending": false,
              "context": null,
              "code": "cy.get('.titleBig').should('contain', 'Villaggio Baffa (Hotel)');\ncy.get('.textGrayPrimaryItalic').should('contain', 'Villaggio Baffa is an excellent combination for short or long stays and at any time of the year.');\ncy.get('.textGrayPrimaryBig').should('contain', 'Calabria', 'Cotronei (KR)', 'Beds: 28');",
              "err": {},
              "uuid": "5e2c38f9-4797-49d6-9e4b-f1abbe280d6f",
              "parentUUID": "655d9517-47b7-4f45-8b20-fffcac26581d",
              "isHook": false,
              "skipped": false
            },
            {
              "title": "the input does not match any hut test",
              "fullTitle": "search hut e2e tset the input does not match any hut test",
              "timedOut": null,
              "duration": 204,
              "state": "passed",
              "speed": "fast",
              "pass": true,
              "fail": false,
              "pending": false,
              "context": null,
              "code": "cy.contains('Huts').click({\n  force: true\n});\ncy.get(\".md[type='text']\").type('Ro', {\n  force: true\n}).should('have.value', 'Ro');\ncy.get('.container').should(\"not.have.class\", \"list-group\");",
              "err": {},
              "uuid": "2afac2e6-f115-4834-b3e2-fda3591b844c",
              "parentUUID": "655d9517-47b7-4f45-8b20-fffcac26581d",
              "isHook": false,
              "skipped": false
            }
          ],
          "suites": [],
          "passes": [
            "e3c303f9-6d15-4d0d-b59b-ef22b1fb91b1",
            "a089aa19-4d3d-4df4-8bf3-0412e704f6e5",
            "5e2c38f9-4797-49d6-9e4b-f1abbe280d6f",
            "2afac2e6-f115-4834-b3e2-fda3591b844c"
          ],
          "failures": [],
          "pending": [],
          "skipped": [],
          "duration": 471,
          "root": false,
          "rootEmpty": false,
          "_timeout": 2000
        }
      ],
      "passes": [],
      "failures": [],
      "pending": [],
      "skipped": [],
      "duration": 0,
      "root": true,
      "rootEmpty": true,
      "_timeout": 2000
    }
  ],
  "meta": {
    "mocha": {
      "version": "7.0.1"
    },
    "mochawesome": {
      "options": {
        "quiet": false,
        "reportFilename": "mochawesome",
        "saveHtml": false,
        "saveJson": true,
        "consoleReporter": "spec",
        "useInlineDiffs": false,
        "code": true
      },
      "version": "7.1.3"
    },
    "marge": {
      "options": {
        "reportDir": "cypress/results",
        "overwrite": false,
        "html": false,
        "json": true
      },
      "version": "6.2.0"
    }
  }
}