{
  "stats": {
    "suites": 1,
    "tests": 5,
    "passes": 5,
    "pending": 0,
    "failures": 0,
    "start": "2022-12-21T22:09:40.999Z",
    "end": "2022-12-21T22:09:45.092Z",
    "duration": 4093,
    "testsRegistered": 5,
    "passPercent": 100,
    "pendingPercent": 0,
    "other": 0,
    "hasOther": false,
    "skipped": 0,
    "hasSkipped": false
  },
  "results": [
    {
      "uuid": "51d30ac5-4488-4111-b562-de9eafc5698e",
      "title": "",
      "fullFile": "cypress/e2e/login.cy.js",
      "file": "cypress/e2e/login.cy.js",
      "beforeHooks": [],
      "afterHooks": [],
      "tests": [],
      "suites": [
        {
          "uuid": "bc81a4e5-48a7-41fe-a6a4-98ceb52dc7b3",
          "title": "login and logout e2e tset",
          "fullFile": "",
          "file": "",
          "beforeHooks": [],
          "afterHooks": [],
          "tests": [
            {
              "title": "1 access the webpage",
              "fullTitle": "login and logout e2e tset 1 access the webpage",
              "timedOut": null,
              "duration": 901,
              "state": "passed",
              "speed": "fast",
              "pass": true,
              "fail": false,
              "pending": false,
              "context": null,
              "code": "cy.visit('http://localhost:3000/');",
              "err": {},
              "uuid": "93aed332-fa19-4d51-8496-d771953e8f45",
              "parentUUID": "bc81a4e5-48a7-41fe-a6a4-98ceb52dc7b3",
              "isHook": false,
              "skipped": false
            },
            {
              "title": "Login button exists",
              "fullTitle": "login and logout e2e tset Login button exists",
              "timedOut": null,
              "duration": 136,
              "state": "passed",
              "speed": "fast",
              "pass": true,
              "fail": false,
              "pending": false,
              "context": null,
              "code": "cy.contains('Login').click();",
              "err": {},
              "uuid": "f56c4140-6ff5-4be4-9532-bd199199eb68",
              "parentUUID": "bc81a4e5-48a7-41fe-a6a4-98ceb52dc7b3",
              "isHook": false,
              "skipped": false
            },
            {
              "title": "wrong login with wrong info",
              "fullTitle": "login and logout e2e tset wrong login with wrong info",
              "timedOut": null,
              "duration": 941,
              "state": "passed",
              "speed": "fast",
              "pass": true,
              "fail": false,
              "pending": false,
              "context": null,
              "code": "cy.get('input[id=username]').clear();\ncy.get('input[id=password]').clear();\ncy.get('input[id=username]').type('lg1@p.it').should('have.value', 'lg1@p.it');\ncy.get('input[id=password]').type('passwordd').should('have.value', 'passwordd');\ncy.contains('Login').click();\ncy.contains('Username and/or password wrong. Try again.');",
              "err": {},
              "uuid": "d8fa3c61-5600-4d0b-8b52-e1ee8cecc53a",
              "parentUUID": "bc81a4e5-48a7-41fe-a6a4-98ceb52dc7b3",
              "isHook": false,
              "skipped": false
            },
            {
              "title": "login form test",
              "fullTitle": "login and logout e2e tset login form test",
              "timedOut": null,
              "duration": 1289,
              "state": "passed",
              "speed": "fast",
              "pass": true,
              "fail": false,
              "pending": false,
              "context": null,
              "code": "cy.get('input[id=username]').clear();\ncy.get('input[id=password]').clear();\ncy.get('input[id=username]').type('lg1@p.it').should('have.value', 'lg1@p.it');\ncy.get('input[id=password]').type('password').should('have.value', 'password');\ncy.contains('Login').click();\ncy.url().should('include', '/home');",
              "err": {},
              "uuid": "5bd25ebe-4571-4e68-97fd-750e86275451",
              "parentUUID": "bc81a4e5-48a7-41fe-a6a4-98ceb52dc7b3",
              "isHook": false,
              "skipped": false
            },
            {
              "title": "logout button test",
              "fullTitle": "login and logout e2e tset logout button test",
              "timedOut": null,
              "duration": 128,
              "state": "passed",
              "speed": "fast",
              "pass": true,
              "fail": false,
              "pending": false,
              "context": null,
              "code": "cy.contains('Logout').click();\ncy.url().should('include', '/home');\ncy.contains('Login');",
              "err": {},
              "uuid": "7ef8e61c-0a16-4748-a845-461bf6a7f708",
              "parentUUID": "bc81a4e5-48a7-41fe-a6a4-98ceb52dc7b3",
              "isHook": false,
              "skipped": false
            }
          ],
          "suites": [],
          "passes": [
            "93aed332-fa19-4d51-8496-d771953e8f45",
            "f56c4140-6ff5-4be4-9532-bd199199eb68",
            "d8fa3c61-5600-4d0b-8b52-e1ee8cecc53a",
            "5bd25ebe-4571-4e68-97fd-750e86275451",
            "7ef8e61c-0a16-4748-a845-461bf6a7f708"
          ],
          "failures": [],
          "pending": [],
          "skipped": [],
          "duration": 3395,
          "root": false,
          "rootEmpty": false,
          "_timeout": 2000
        }
      ],
      "passes": [],
      "failures": [],
      "pending": [],
      "skipped": [],
      "duration": 0,
      "root": true,
      "rootEmpty": true,
      "_timeout": 2000
    }
  ],
  "meta": {
    "mocha": {
      "version": "7.0.1"
    },
    "mochawesome": {
      "options": {
        "quiet": false,
        "reportFilename": "mochawesome",
        "saveHtml": false,
        "saveJson": true,
        "consoleReporter": "spec",
        "useInlineDiffs": false,
        "code": true
      },
      "version": "7.1.3"
    },
    "marge": {
      "options": {
        "reportDir": "cypress/results",
        "overwrite": false,
        "html": false,
        "json": true
      },
      "version": "6.2.0"
    }
  }
}