{
  "stats": {
    "suites": 2,
    "tests": 7,
    "passes": 7,
    "pending": 0,
    "failures": 0,
    "start": "2022-12-09T20:49:37.011Z",
    "end": "2022-12-09T20:49:40.752Z",
    "duration": 3741,
    "testsRegistered": 7,
    "passPercent": 100,
    "pendingPercent": 0,
    "other": 0,
    "hasOther": false,
    "skipped": 0,
    "hasSkipped": false
  },
  "results": [
    {
      "uuid": "ff7ecfd7-5048-405f-9dd4-8604dca839ae",
      "title": "",
      "fullFile": "cypress/e2e/newpark.cy.js",
      "file": "cypress/e2e/newpark.cy.js",
      "beforeHooks": [],
      "afterHooks": [],
      "tests": [],
      "suites": [
        {
          "uuid": "1f9a5134-0984-4d63-a99d-ef416a7ccc49",
          "title": "parkingform e2e tset",
          "fullFile": "",
          "file": "",
          "beforeHooks": [],
          "afterHooks": [],
          "tests": [
            {
              "title": "login ",
              "fullTitle": "parkingform e2e tset login ",
              "timedOut": null,
              "duration": 2118,
              "state": "passed",
              "speed": "fast",
              "pass": true,
              "fail": false,
              "pending": false,
              "context": null,
              "code": "cy.login(\"lg1@p.it\", \"password\");",
              "err": {},
              "uuid": "78a20a64-1932-4450-a4a9-16b677be2715",
              "parentUUID": "1f9a5134-0984-4d63-a99d-ef416a7ccc49",
              "isHook": false,
              "skipped": false
            },
            {
              "title": "jump into parkingLots page test",
              "fullTitle": "parkingform e2e tset jump into parkingLots page test",
              "timedOut": null,
              "duration": 75,
              "state": "passed",
              "speed": "fast",
              "pass": true,
              "fail": false,
              "pending": false,
              "context": null,
              "code": "cy.contains('Parking Lots').click({\n  force: true\n});\ncy.url().should('include', '/parkingLots');",
              "err": {},
              "uuid": "1dc1d7f9-4772-4b0d-9988-adf2a6785f7f",
              "parentUUID": "1f9a5134-0984-4d63-a99d-ef416a7ccc49",
              "isHook": false,
              "skipped": false
            },
            {
              "title": "create new parking button test",
              "fullTitle": "parkingform e2e tset create new parking button test",
              "timedOut": null,
              "duration": 96,
              "state": "passed",
              "speed": "fast",
              "pass": true,
              "fail": false,
              "pending": false,
              "context": null,
              "code": "cy.contains('New Parking Lot').click({\n  force: true\n});\ncy.url().should('include', '/new-parking');",
              "err": {},
              "uuid": "0a858f7b-f043-4f56-a611-3e650dad0941",
              "parentUUID": "1f9a5134-0984-4d63-a99d-ef416a7ccc49",
              "isHook": false,
              "skipped": false
            },
            {
              "title": "submit parkingLot form",
              "fullTitle": "parkingform e2e tset submit parkingLot form",
              "timedOut": null,
              "duration": 429,
              "state": "passed",
              "speed": "fast",
              "pass": true,
              "fail": false,
              "pending": false,
              "context": null,
              "code": "cy.get('.list-group').trigger('click');\ncy.get('input[id=validationCustom01]').type('Nizza', {\n  force: true\n}).should('have.value', 'Nizza');\ncy.get('input[id=validationCustom03]').type('333', {\n  force: true\n}).should('have.value', '333');\ncy.get('.justify-content-center').should('be.visible');\ncy.get('button').contains('Create new parking lot').click({\n  force: true\n});",
              "err": {},
              "uuid": "e7dc76ef-c14f-48dd-b0b1-59246420dad9",
              "parentUUID": "1f9a5134-0984-4d63-a99d-ef416a7ccc49",
              "isHook": false,
              "skipped": false
            }
          ],
          "suites": [],
          "passes": [
            "78a20a64-1932-4450-a4a9-16b677be2715",
            "1dc1d7f9-4772-4b0d-9988-adf2a6785f7f",
            "0a858f7b-f043-4f56-a611-3e650dad0941",
            "e7dc76ef-c14f-48dd-b0b1-59246420dad9"
          ],
          "failures": [],
          "pending": [],
          "skipped": [],
          "duration": 2718,
          "root": false,
          "rootEmpty": false,
          "_timeout": 2000
        },
        {
          "uuid": "12e5ae16-8ea3-4f69-a27a-35a3258bcbf4",
          "title": "cancel button test of parkingform e2e tset",
          "fullFile": "",
          "file": "",
          "beforeHooks": [],
          "afterHooks": [],
          "tests": [
            {
              "title": "back to create new parking button",
              "fullTitle": "cancel button test of parkingform e2e tset back to create new parking button",
              "timedOut": null,
              "duration": 176,
              "state": "passed",
              "speed": "fast",
              "pass": true,
              "fail": false,
              "pending": false,
              "context": null,
              "code": "cy.go('back');\ncy.contains(\"New Parking Lot\").click({\n  force: true\n});",
              "err": {},
              "uuid": "c5f05b7c-07ad-489d-af04-8a8a7afcdde3",
              "parentUUID": "12e5ae16-8ea3-4f69-a27a-35a3258bcbf4",
              "isHook": false,
              "skipped": false
            },
            {
              "title": "wrong insertion with empty infomation",
              "fullTitle": "cancel button test of parkingform e2e tset wrong insertion with empty infomation",
              "timedOut": null,
              "duration": 114,
              "state": "passed",
              "speed": "fast",
              "pass": true,
              "fail": false,
              "pending": false,
              "context": null,
              "code": "cy.contains('Create new parking lot').click();\ncy.contains('Please insert name');\ncy.contains('Please insert correct altitude');",
              "err": {},
              "uuid": "e3747785-dc71-4f3c-8721-648722fd51a1",
              "parentUUID": "12e5ae16-8ea3-4f69-a27a-35a3258bcbf4",
              "isHook": false,
              "skipped": false
            },
            {
              "title": "Cancel button test",
              "fullTitle": "cancel button test of parkingform e2e tset Cancel button test",
              "timedOut": null,
              "duration": 71,
              "state": "passed",
              "speed": "fast",
              "pass": true,
              "fail": false,
              "pending": false,
              "context": null,
              "code": "cy.contains('Cancel').click({\n  force: true\n});\ncy.url().should('include', '/parkingLots');",
              "err": {},
              "uuid": "0fe3346f-631f-4bf4-9fd3-816ffd4c4d72",
              "parentUUID": "12e5ae16-8ea3-4f69-a27a-35a3258bcbf4",
              "isHook": false,
              "skipped": false
            }
          ],
          "suites": [],
          "passes": [
            "c5f05b7c-07ad-489d-af04-8a8a7afcdde3",
            "e3747785-dc71-4f3c-8721-648722fd51a1",
            "0fe3346f-631f-4bf4-9fd3-816ffd4c4d72"
          ],
          "failures": [],
          "pending": [],
          "skipped": [],
          "duration": 361,
          "root": false,
          "rootEmpty": false,
          "_timeout": 2000
        }
      ],
      "passes": [],
      "failures": [],
      "pending": [],
      "skipped": [],
      "duration": 0,
      "root": true,
      "rootEmpty": true,
      "_timeout": 2000
    }
  ],
  "meta": {
    "mocha": {
      "version": "7.0.1"
    },
    "mochawesome": {
      "options": {
        "quiet": false,
        "reportFilename": "mochawesome",
        "saveHtml": false,
        "saveJson": true,
        "consoleReporter": "spec",
        "useInlineDiffs": false,
        "code": true
      },
      "version": "7.1.3"
    },
    "marge": {
      "options": {
        "reportDir": "cypress/results",
        "overwrite": false,
        "html": false,
        "json": true
      },
      "version": "6.2.0"
    }
  }
}