{
  "stats": {
    "suites": 1,
    "tests": 5,
    "passes": 5,
    "pending": 0,
    "failures": 0,
    "start": "2022-12-07T17:33:14.267Z",
    "end": "2022-12-07T17:33:18.722Z",
    "duration": 4455,
    "testsRegistered": 5,
    "passPercent": 100,
    "pendingPercent": 0,
    "other": 0,
    "hasOther": false,
    "skipped": 0,
    "hasSkipped": false
  },
  "results": [
    {
      "uuid": "ab997f1a-61b9-4465-9171-2d12464b429f",
      "title": "",
      "fullFile": "cypress/e2e/login.cy.js",
      "file": "cypress/e2e/login.cy.js",
      "beforeHooks": [],
      "afterHooks": [],
      "tests": [],
      "suites": [
        {
          "uuid": "da9f393c-27b0-40f2-aca9-7459bf905147",
          "title": "login and logout e2e tset",
          "fullFile": "",
          "file": "",
          "beforeHooks": [],
          "afterHooks": [],
          "tests": [
            {
              "title": "1 access the webpage",
              "fullTitle": "login and logout e2e tset 1 access the webpage",
              "timedOut": null,
              "duration": 1176,
              "state": "passed",
              "speed": "fast",
              "pass": true,
              "fail": false,
              "pending": false,
              "context": null,
              "code": "cy.visit('http://localhost:3000/');",
              "err": {},
              "uuid": "dc9c9c2e-2007-45b8-9e2f-571ab53d6919",
              "parentUUID": "da9f393c-27b0-40f2-aca9-7459bf905147",
              "isHook": false,
              "skipped": false
            },
            {
              "title": "Login button exists",
              "fullTitle": "login and logout e2e tset Login button exists",
              "timedOut": null,
              "duration": 142,
              "state": "passed",
              "speed": "fast",
              "pass": true,
              "fail": false,
              "pending": false,
              "context": null,
              "code": "cy.contains('Login').click();",
              "err": {},
              "uuid": "0c5f9f43-d796-4928-8513-54e97d5d1191",
              "parentUUID": "da9f393c-27b0-40f2-aca9-7459bf905147",
              "isHook": false,
              "skipped": false
            },
            {
              "title": "wrong login with wrong info",
              "fullTitle": "login and logout e2e tset wrong login with wrong info",
              "timedOut": null,
              "duration": 961,
              "state": "passed",
              "speed": "fast",
              "pass": true,
              "fail": false,
              "pending": false,
              "context": null,
              "code": "cy.get('input[id=username]').clear();\ncy.get('input[id=password]').clear();\ncy.get('input[id=username]').type('lg1@p.it').should('have.value', 'lg1@p.it');\ncy.get('input[id=password]').type('passwordd').should('have.value', 'passwordd');\ncy.contains('Login').click();\ncy.contains('Username and/or password wrong. Try again.');",
              "err": {},
              "uuid": "b59c438f-e37c-45bc-a9ed-d3a75e787fb1",
              "parentUUID": "da9f393c-27b0-40f2-aca9-7459bf905147",
              "isHook": false,
              "skipped": false
            },
            {
              "title": "login form test",
              "fullTitle": "login and logout e2e tset login form test",
              "timedOut": null,
              "duration": 1295,
              "state": "passed",
              "speed": "fast",
              "pass": true,
              "fail": false,
              "pending": false,
              "context": null,
              "code": "cy.get('input[id=username]').clear();\ncy.get('input[id=password]').clear();\ncy.get('input[id=username]').type('lg1@p.it').should('have.value', 'lg1@p.it');\ncy.get('input[id=password]').type('password').should('have.value', 'password');\ncy.contains('Login').click();\ncy.url().should('include', '/home');",
              "err": {},
              "uuid": "83059122-4656-460a-9cfd-bad4bba3f6a3",
              "parentUUID": "da9f393c-27b0-40f2-aca9-7459bf905147",
              "isHook": false,
              "skipped": false
            },
            {
              "title": "logout button test",
              "fullTitle": "login and logout e2e tset logout button test",
              "timedOut": null,
              "duration": 163,
              "state": "passed",
              "speed": "fast",
              "pass": true,
              "fail": false,
              "pending": false,
              "context": null,
              "code": "cy.contains('Logout').click();\ncy.url().should('include', '/home');\ncy.contains('Login');",
              "err": {},
              "uuid": "eef53f97-ad01-4f2e-bb05-a64418d7bfb9",
              "parentUUID": "da9f393c-27b0-40f2-aca9-7459bf905147",
              "isHook": false,
              "skipped": false
            }
          ],
          "suites": [],
          "passes": [
            "dc9c9c2e-2007-45b8-9e2f-571ab53d6919",
            "0c5f9f43-d796-4928-8513-54e97d5d1191",
            "b59c438f-e37c-45bc-a9ed-d3a75e787fb1",
            "83059122-4656-460a-9cfd-bad4bba3f6a3",
            "eef53f97-ad01-4f2e-bb05-a64418d7bfb9"
          ],
          "failures": [],
          "pending": [],
          "skipped": [],
          "duration": 3737,
          "root": false,
          "rootEmpty": false,
          "_timeout": 2000
        }
      ],
      "passes": [],
      "failures": [],
      "pending": [],
      "skipped": [],
      "duration": 0,
      "root": true,
      "rootEmpty": true,
      "_timeout": 2000
    }
  ],
  "meta": {
    "mocha": {
      "version": "7.0.1"
    },
    "mochawesome": {
      "options": {
        "quiet": false,
        "reportFilename": "mochawesome",
        "saveHtml": false,
        "saveJson": true,
        "consoleReporter": "spec",
        "useInlineDiffs": false,
        "code": true
      },
      "version": "7.1.3"
    },
    "marge": {
      "options": {
        "reportDir": "cypress/results",
        "overwrite": false,
        "html": false,
        "json": true
      },
      "version": "6.2.0"
    }
  }
}