{
  "stats": {
    "suites": 1,
    "tests": 5,
    "passes": 5,
    "pending": 0,
    "failures": 0,
    "start": "2022-12-09T20:49:32.176Z",
    "end": "2022-12-09T20:49:36.338Z",
    "duration": 4162,
    "testsRegistered": 5,
    "passPercent": 100,
    "pendingPercent": 0,
    "other": 0,
    "hasOther": false,
    "skipped": 0,
    "hasSkipped": false
  },
  "results": [
    {
      "uuid": "8a06391b-9548-40c2-b609-971dcc940784",
      "title": "",
      "fullFile": "cypress/e2e/login.cy.js",
      "file": "cypress/e2e/login.cy.js",
      "beforeHooks": [],
      "afterHooks": [],
      "tests": [],
      "suites": [
        {
          "uuid": "c9e213a9-4043-436e-86b7-987dce8f4862",
          "title": "login and logout e2e tset",
          "fullFile": "",
          "file": "",
          "beforeHooks": [],
          "afterHooks": [],
          "tests": [
            {
              "title": "1 access the webpage",
              "fullTitle": "login and logout e2e tset 1 access the webpage",
              "timedOut": null,
              "duration": 912,
              "state": "passed",
              "speed": "fast",
              "pass": true,
              "fail": false,
              "pending": false,
              "context": null,
              "code": "cy.visit('http://localhost:3000/');",
              "err": {},
              "uuid": "bed2d752-9d2e-4c1b-91ff-a6f47db3180c",
              "parentUUID": "c9e213a9-4043-436e-86b7-987dce8f4862",
              "isHook": false,
              "skipped": false
            },
            {
              "title": "Login button exists",
              "fullTitle": "login and logout e2e tset Login button exists",
              "timedOut": null,
              "duration": 135,
              "state": "passed",
              "speed": "fast",
              "pass": true,
              "fail": false,
              "pending": false,
              "context": null,
              "code": "cy.contains('Login').click();",
              "err": {},
              "uuid": "7b1d2164-b7b3-4e3e-9067-b6f1c0c10f77",
              "parentUUID": "c9e213a9-4043-436e-86b7-987dce8f4862",
              "isHook": false,
              "skipped": false
            },
            {
              "title": "wrong login with wrong info",
              "fullTitle": "login and logout e2e tset wrong login with wrong info",
              "timedOut": null,
              "duration": 990,
              "state": "passed",
              "speed": "fast",
              "pass": true,
              "fail": false,
              "pending": false,
              "context": null,
              "code": "cy.get('input[id=username]').clear();\ncy.get('input[id=password]').clear();\ncy.get('input[id=username]').type('lg1@p.it').should('have.value', 'lg1@p.it');\ncy.get('input[id=password]').type('passwordd').should('have.value', 'passwordd');\ncy.contains('Login').click();\ncy.contains('Username and/or password wrong. Try again.');",
              "err": {},
              "uuid": "701df385-704b-41e7-9f72-095b2006ecaf",
              "parentUUID": "c9e213a9-4043-436e-86b7-987dce8f4862",
              "isHook": false,
              "skipped": false
            },
            {
              "title": "login form test",
              "fullTitle": "login and logout e2e tset login form test",
              "timedOut": null,
              "duration": 1266,
              "state": "passed",
              "speed": "fast",
              "pass": true,
              "fail": false,
              "pending": false,
              "context": null,
              "code": "cy.get('input[id=username]').clear();\ncy.get('input[id=password]').clear();\ncy.get('input[id=username]').type('lg1@p.it').should('have.value', 'lg1@p.it');\ncy.get('input[id=password]').type('password').should('have.value', 'password');\ncy.contains('Login').click();\ncy.url().should('include', '/home');",
              "err": {},
              "uuid": "e9ec103d-3cd5-4f0f-8553-d278bc20dc07",
              "parentUUID": "c9e213a9-4043-436e-86b7-987dce8f4862",
              "isHook": false,
              "skipped": false
            },
            {
              "title": "logout button test",
              "fullTitle": "login and logout e2e tset logout button test",
              "timedOut": null,
              "duration": 135,
              "state": "passed",
              "speed": "fast",
              "pass": true,
              "fail": false,
              "pending": false,
              "context": null,
              "code": "cy.contains('Logout').click();\ncy.url().should('include', '/home');\ncy.contains('Login');",
              "err": {},
              "uuid": "3a5f6bf8-b930-45fe-827d-5640708e57fb",
              "parentUUID": "c9e213a9-4043-436e-86b7-987dce8f4862",
              "isHook": false,
              "skipped": false
            }
          ],
          "suites": [],
          "passes": [
            "bed2d752-9d2e-4c1b-91ff-a6f47db3180c",
            "7b1d2164-b7b3-4e3e-9067-b6f1c0c10f77",
            "701df385-704b-41e7-9f72-095b2006ecaf",
            "e9ec103d-3cd5-4f0f-8553-d278bc20dc07",
            "3a5f6bf8-b930-45fe-827d-5640708e57fb"
          ],
          "failures": [],
          "pending": [],
          "skipped": [],
          "duration": 3438,
          "root": false,
          "rootEmpty": false,
          "_timeout": 2000
        }
      ],
      "passes": [],
      "failures": [],
      "pending": [],
      "skipped": [],
      "duration": 0,
      "root": true,
      "rootEmpty": true,
      "_timeout": 2000
    }
  ],
  "meta": {
    "mocha": {
      "version": "7.0.1"
    },
    "mochawesome": {
      "options": {
        "quiet": false,
        "reportFilename": "mochawesome",
        "saveHtml": false,
        "saveJson": true,
        "consoleReporter": "spec",
        "useInlineDiffs": false,
        "code": true
      },
      "version": "7.1.3"
    },
    "marge": {
      "options": {
        "reportDir": "cypress/results",
        "overwrite": false,
        "html": false,
        "json": true
      },
      "version": "6.2.0"
    }
  }
}