{
  "stats": {
    "suites": 1,
    "tests": 2,
    "passes": 2,
    "pending": 0,
    "failures": 0,
    "start": "2022-12-21T22:09:27.961Z",
    "end": "2022-12-21T22:09:32.308Z",
    "duration": 4347,
    "testsRegistered": 2,
    "passPercent": 100,
    "pendingPercent": 0,
    "other": 0,
    "hasOther": false,
    "skipped": 0,
    "hasSkipped": false
  },
  "results": [
    {
      "uuid": "0dead672-aa4c-4d48-a8dc-2f205f45c2e0",
      "title": "",
      "fullFile": "cypress/e2e/link_hut.cy.js",
      "file": "cypress/e2e/link_hut.cy.js",
      "beforeHooks": [],
      "afterHooks": [],
      "tests": [],
      "suites": [
        {
          "uuid": "d5ca2af5-f05b-4602-acef-6d49f68a660a",
          "title": "the local guide wants to link a hut to a hike",
          "fullFile": "",
          "file": "",
          "beforeHooks": [],
          "afterHooks": [],
          "tests": [
            {
              "title": "jump into certain hike page test",
              "fullTitle": "the local guide wants to link a hut to a hike jump into certain hike page test",
              "timedOut": null,
              "duration": 2360,
              "state": "passed",
              "speed": "fast",
              "pass": true,
              "fail": false,
              "pending": false,
              "context": null,
              "code": "cy.login(\"lg1@p.it\", \"password\");\ncy.contains('Ascesa al Rifugio Savona', {\n  timeout: 30000\n}).parent().parent().within(() => {\n  cy.contains('see more').click({\n    force: true\n  });\n});\ncy.contains('Ascesa al Rifugio Savona');",
              "err": {},
              "uuid": "8ec5c556-2678-499a-a013-c70d18217945",
              "parentUUID": "d5ca2af5-f05b-4602-acef-6d49f68a660a",
              "isHook": false,
              "skipped": false
            },
            {
              "title": "add new hut for hike test",
              "fullTitle": "the local guide wants to link a hut to a hike add new hut for hike test",
              "timedOut": null,
              "duration": 1300,
              "state": "passed",
              "speed": "fast",
              "pass": true,
              "fail": false,
              "pending": false,
              "context": null,
              "code": "cy.contains('Add new hut').click({\n  force: true\n});\ncy.contains('Select the hut:');\ncy.contains('Cancel').click({\n  force: true\n}); //test cancel button before confirm button\ncy.get('select').should('not.exist');\ncy.get('button').contains('Add new hut').click({\n  force: true\n});\ncy.get('.form-select').children().should('have.length', 1); //test the number of optional huts\ncy.get('select').select('Gallo di monte', {\n  force: true\n}).invoke('val').should('eq', '4');\ncy.get(\"[type='submit']\").contains('Confirm').click({\n  force: true\n});",
              "err": {},
              "uuid": "765a7c55-99ed-4205-8d81-d548f119525e",
              "parentUUID": "d5ca2af5-f05b-4602-acef-6d49f68a660a",
              "isHook": false,
              "skipped": false
            }
          ],
          "suites": [],
          "passes": [
            "8ec5c556-2678-499a-a013-c70d18217945",
            "765a7c55-99ed-4205-8d81-d548f119525e"
          ],
          "failures": [],
          "pending": [],
          "skipped": [],
          "duration": 3660,
          "root": false,
          "rootEmpty": false,
          "_timeout": 2000
        }
      ],
      "passes": [],
      "failures": [],
      "pending": [],
      "skipped": [],
      "duration": 0,
      "root": true,
      "rootEmpty": true,
      "_timeout": 2000
    }
  ],
  "meta": {
    "mocha": {
      "version": "7.0.1"
    },
    "mochawesome": {
      "options": {
        "quiet": false,
        "reportFilename": "mochawesome",
        "saveHtml": false,
        "saveJson": true,
        "consoleReporter": "spec",
        "useInlineDiffs": false,
        "code": true
      },
      "version": "7.1.3"
    },
    "marge": {
      "options": {
        "reportDir": "cypress/results",
        "overwrite": false,
        "html": false,
        "json": true
      },
      "version": "6.2.0"
    }
  }
}