{
  "stats": {
    "suites": 1,
    "tests": 5,
    "passes": 5,
    "pending": 0,
    "failures": 0,
    "start": "2022-12-21T22:09:10.618Z",
    "end": "2022-12-21T22:09:17.411Z",
    "duration": 6793,
    "testsRegistered": 5,
    "passPercent": 100,
    "pendingPercent": 0,
    "other": 0,
    "hasOther": false,
    "skipped": 0,
    "hasSkipped": false
  },
  "results": [
    {
      "uuid": "fba5b1c7-1de0-4cba-8606-466c509e9e65",
      "title": "",
      "fullFile": "cypress/e2e/add_reference_point.cy.js",
      "file": "cypress/e2e/add_reference_point.cy.js",
      "beforeHooks": [],
      "afterHooks": [],
      "tests": [],
      "suites": [
        {
          "uuid": "6cbbd3e8-dc97-4b3d-ab1d-5613ce3fba44",
          "title": "the local guide wants to define reference points",
          "fullFile": "",
          "file": "",
          "beforeHooks": [],
          "afterHooks": [],
          "tests": [
            {
              "title": "jump into certain hike page test",
              "fullTitle": "the local guide wants to define reference points jump into certain hike page test",
              "timedOut": null,
              "duration": 3051,
              "state": "passed",
              "speed": "fast",
              "pass": true,
              "fail": false,
              "pending": false,
              "context": null,
              "code": "cy.login(\"lg1@p.it\", \"password\");\ncy.get('.title', {\n  timeout: 30000\n}).contains('Alassio, San Bernardo, Poggio Brea, Laigueglia, Metta, Torre Pisana e Moglio', {\n  timeout: 30000\n}).parent().parent().within(() => {\n  cy.contains('see more').click({\n    force: true\n  });\n});",
              "err": {},
              "uuid": "1e7cd5e2-b6dc-4f84-8c8b-5de83dba344c",
              "parentUUID": "6cbbd3e8-dc97-4b3d-ab1d-5613ce3fba44",
              "isHook": false,
              "skipped": false
            },
            {
              "title": "test cancel button",
              "fullTitle": "the local guide wants to define reference points test cancel button",
              "timedOut": null,
              "duration": 1584,
              "state": "passed",
              "speed": "fast",
              "pass": true,
              "fail": false,
              "pending": false,
              "context": null,
              "code": "cy.contains('Add new point').click();\ncy.get('#validationCustom04').clear().type('yyyyy').should('have.value', 'yyyyy');\ncy.get('button').contains('Cancel').click();\ncy.get('#validationCustom04').should('not.exist');\ncy.contains('Add new point');",
              "err": {},
              "uuid": "4634e2c3-8269-448b-ad92-77ac04843379",
              "parentUUID": "6cbbd3e8-dc97-4b3d-ab1d-5613ce3fba44",
              "isHook": false,
              "skipped": false
            },
            {
              "title": "add new reference point without select a point on the map test",
              "fullTitle": "the local guide wants to define reference points add new reference point without select a point on the map test",
              "timedOut": null,
              "duration": 444,
              "state": "passed",
              "speed": "fast",
              "pass": true,
              "fail": false,
              "pending": false,
              "context": null,
              "code": "cy.contains('Add new point').click();\ncy.get('#validationCustom04').type('wy').should('have.value', 'wy');\ncy.contains('Confirm point').click();\ncy.on('window:alert', alert => {\n  expect(alert).to.eq('Please select a point.');\n});\ncy.get('.btn-close').click();",
              "err": {},
              "uuid": "c4203294-afd1-4f58-865b-7332efe9d126",
              "parentUUID": "6cbbd3e8-dc97-4b3d-ab1d-5613ce3fba44",
              "isHook": false,
              "skipped": false
            },
            {
              "title": "add new reference point after selecting a point on the map test",
              "fullTitle": "the local guide wants to define reference points add new reference point after selecting a point on the map test",
              "timedOut": null,
              "duration": 899,
              "state": "passed",
              "speed": "fast",
              "pass": true,
              "fail": false,
              "pending": false,
              "context": null,
              "code": "cy.get('.list-group').eq(5).trigger('click', {\n  multiple: true\n});\ncy.contains('Address');\ncy.get('#validationCustom05').should('have.value', 'Via Alessandro Battaglia');\ncy.get('button').contains('Confirm point').click();",
              "err": {},
              "uuid": "ec317232-f550-4d1d-90b0-0475278337b9",
              "parentUUID": "6cbbd3e8-dc97-4b3d-ab1d-5613ce3fba44",
              "isHook": false,
              "skipped": false
            },
            {
              "title": "add new reference point without login test",
              "fullTitle": "the local guide wants to define reference points add new reference point without login test",
              "timedOut": null,
              "duration": 125,
              "state": "passed",
              "speed": "fast",
              "pass": true,
              "fail": false,
              "pending": false,
              "context": null,
              "code": "cy.visit('http://localhost:3000/hike/20');\ncy.get('button').contains('Add new point').should('not.exist');",
              "err": {},
              "uuid": "9a87f5d2-73b4-461b-88bd-b2df9c7f68b2",
              "parentUUID": "6cbbd3e8-dc97-4b3d-ab1d-5613ce3fba44",
              "isHook": false,
              "skipped": false
            }
          ],
          "suites": [],
          "passes": [
            "1e7cd5e2-b6dc-4f84-8c8b-5de83dba344c",
            "4634e2c3-8269-448b-ad92-77ac04843379",
            "c4203294-afd1-4f58-865b-7332efe9d126",
            "ec317232-f550-4d1d-90b0-0475278337b9",
            "9a87f5d2-73b4-461b-88bd-b2df9c7f68b2"
          ],
          "failures": [],
          "pending": [],
          "skipped": [],
          "duration": 6103,
          "root": false,
          "rootEmpty": false,
          "_timeout": 2000
        }
      ],
      "passes": [],
      "failures": [],
      "pending": [],
      "skipped": [],
      "duration": 0,
      "root": true,
      "rootEmpty": true,
      "_timeout": 2000
    }
  ],
  "meta": {
    "mocha": {
      "version": "7.0.1"
    },
    "mochawesome": {
      "options": {
        "quiet": false,
        "reportFilename": "mochawesome",
        "saveHtml": false,
        "saveJson": true,
        "consoleReporter": "spec",
        "useInlineDiffs": false,
        "code": true
      },
      "version": "7.1.3"
    },
    "marge": {
      "options": {
        "reportDir": "cypress/results",
        "overwrite": false,
        "html": false,
        "json": true
      },
      "version": "6.2.0"
    }
  }
}