{
  "stats": {
    "suites": 2,
    "tests": 7,
    "passes": 7,
    "pending": 0,
    "failures": 0,
    "start": "2022-12-07T17:33:22.047Z",
    "end": "2022-12-07T17:33:26.362Z",
    "duration": 4315,
    "testsRegistered": 7,
    "passPercent": 100,
    "pendingPercent": 0,
    "other": 0,
    "hasOther": false,
    "skipped": 0,
    "hasSkipped": false
  },
  "results": [
    {
      "uuid": "4ff32c3e-ee7f-4067-bc1c-2213ad42ff94",
      "title": "",
      "fullFile": "cypress/e2e/newpark.cy.js",
      "file": "cypress/e2e/newpark.cy.js",
      "beforeHooks": [],
      "afterHooks": [],
      "tests": [],
      "suites": [
        {
          "uuid": "7f991f9f-2708-410a-a313-ab958099d27d",
          "title": "parkingform e2e tset",
          "fullFile": "",
          "file": "",
          "beforeHooks": [],
          "afterHooks": [],
          "tests": [
            {
              "title": "login ",
              "fullTitle": "parkingform e2e tset login ",
              "timedOut": null,
              "duration": 2565,
              "state": "passed",
              "speed": "fast",
              "pass": true,
              "fail": false,
              "pending": false,
              "context": null,
              "code": "cy.login(\"lg1@p.it\", \"password\");",
              "err": {},
              "uuid": "ebbe4603-49fe-469e-96c0-04c79420b0ff",
              "parentUUID": "7f991f9f-2708-410a-a313-ab958099d27d",
              "isHook": false,
              "skipped": false
            },
            {
              "title": "jump into parkingLots page test",
              "fullTitle": "parkingform e2e tset jump into parkingLots page test",
              "timedOut": null,
              "duration": 132,
              "state": "passed",
              "speed": "fast",
              "pass": true,
              "fail": false,
              "pending": false,
              "context": null,
              "code": "cy.contains('Parking Lots').click({\n  force: true\n});\ncy.url().should('include', '/parkingLots');",
              "err": {},
              "uuid": "e4a785cf-c987-453a-901f-aaac0e36d0ec",
              "parentUUID": "7f991f9f-2708-410a-a313-ab958099d27d",
              "isHook": false,
              "skipped": false
            },
            {
              "title": "create new parking button test",
              "fullTitle": "parkingform e2e tset create new parking button test",
              "timedOut": null,
              "duration": 86,
              "state": "passed",
              "speed": "fast",
              "pass": true,
              "fail": false,
              "pending": false,
              "context": null,
              "code": "cy.contains('New Parking Lot').click({\n  force: true\n});\ncy.url().should('include', '/new-parking');",
              "err": {},
              "uuid": "8808ddff-c901-4d6a-9942-b54533683f8e",
              "parentUUID": "7f991f9f-2708-410a-a313-ab958099d27d",
              "isHook": false,
              "skipped": false
            },
            {
              "title": "submit parkingLot form",
              "fullTitle": "parkingform e2e tset submit parkingLot form",
              "timedOut": null,
              "duration": 435,
              "state": "passed",
              "speed": "fast",
              "pass": true,
              "fail": false,
              "pending": false,
              "context": null,
              "code": "cy.get('.list-group').trigger('click');\ncy.get('input[id=validationCustom01]').type('Nizza', {\n  force: true\n}).should('have.value', 'Nizza');\ncy.get('input[id=validationCustom03]').type('333', {\n  force: true\n}).should('have.value', '333');\ncy.get('.justify-content-center').should('be.visible');\ncy.get('button').contains('Create new parking lot').click({\n  force: true\n});",
              "err": {},
              "uuid": "6dc25959-9d80-4238-9f29-f98987da6664",
              "parentUUID": "7f991f9f-2708-410a-a313-ab958099d27d",
              "isHook": false,
              "skipped": false
            }
          ],
          "suites": [],
          "passes": [
            "ebbe4603-49fe-469e-96c0-04c79420b0ff",
            "e4a785cf-c987-453a-901f-aaac0e36d0ec",
            "8808ddff-c901-4d6a-9942-b54533683f8e",
            "6dc25959-9d80-4238-9f29-f98987da6664"
          ],
          "failures": [],
          "pending": [],
          "skipped": [],
          "duration": 3218,
          "root": false,
          "rootEmpty": false,
          "_timeout": 2000
        },
        {
          "uuid": "cb4820d1-910a-488f-9a71-c273bde0ba13",
          "title": "cancel button test of parkingform e2e tset",
          "fullFile": "",
          "file": "",
          "beforeHooks": [],
          "afterHooks": [],
          "tests": [
            {
              "title": "back to create new parking button",
              "fullTitle": "cancel button test of parkingform e2e tset back to create new parking button",
              "timedOut": null,
              "duration": 195,
              "state": "passed",
              "speed": "fast",
              "pass": true,
              "fail": false,
              "pending": false,
              "context": null,
              "code": "cy.go('back');\ncy.contains(\"New Parking Lot\").click({\n  force: true\n});",
              "err": {},
              "uuid": "01626c59-d556-47b1-b2c6-d56fd50c5ce3",
              "parentUUID": "cb4820d1-910a-488f-9a71-c273bde0ba13",
              "isHook": false,
              "skipped": false
            },
            {
              "title": "wrong insertion with empty infomation",
              "fullTitle": "cancel button test of parkingform e2e tset wrong insertion with empty infomation",
              "timedOut": null,
              "duration": 116,
              "state": "passed",
              "speed": "fast",
              "pass": true,
              "fail": false,
              "pending": false,
              "context": null,
              "code": "cy.contains('Create new parking lot').click();\ncy.contains('Please insert name');\ncy.contains('Please insert correct altitude');",
              "err": {},
              "uuid": "cc42a2c5-192e-4bec-87bb-f90119963a7e",
              "parentUUID": "cb4820d1-910a-488f-9a71-c273bde0ba13",
              "isHook": false,
              "skipped": false
            },
            {
              "title": "Cancel button test",
              "fullTitle": "cancel button test of parkingform e2e tset Cancel button test",
              "timedOut": null,
              "duration": 78,
              "state": "passed",
              "speed": "fast",
              "pass": true,
              "fail": false,
              "pending": false,
              "context": null,
              "code": "cy.contains('Cancel').click({\n  force: true\n});\ncy.url().should('include', '/parkingLots');",
              "err": {},
              "uuid": "b497e47d-adee-4a96-b55a-745179d1010e",
              "parentUUID": "cb4820d1-910a-488f-9a71-c273bde0ba13",
              "isHook": false,
              "skipped": false
            }
          ],
          "suites": [],
          "passes": [
            "01626c59-d556-47b1-b2c6-d56fd50c5ce3",
            "cc42a2c5-192e-4bec-87bb-f90119963a7e",
            "b497e47d-adee-4a96-b55a-745179d1010e"
          ],
          "failures": [],
          "pending": [],
          "skipped": [],
          "duration": 389,
          "root": false,
          "rootEmpty": false,
          "_timeout": 2000
        }
      ],
      "passes": [],
      "failures": [],
      "pending": [],
      "skipped": [],
      "duration": 0,
      "root": true,
      "rootEmpty": true,
      "_timeout": 2000
    }
  ],
  "meta": {
    "mocha": {
      "version": "7.0.1"
    },
    "mochawesome": {
      "options": {
        "quiet": false,
        "reportFilename": "mochawesome",
        "saveHtml": false,
        "saveJson": true,
        "consoleReporter": "spec",
        "useInlineDiffs": false,
        "code": true
      },
      "version": "7.1.3"
    },
    "marge": {
      "options": {
        "reportDir": "cypress/results",
        "overwrite": false,
        "html": false,
        "json": true
      },
      "version": "6.2.0"
    }
  }
}