{
  "stats": {
    "suites": 4,
    "tests": 7,
    "passes": 7,
    "pending": 0,
    "failures": 0,
    "start": "2022-12-07T17:33:03.414Z",
    "end": "2022-12-07T17:33:10.348Z",
    "duration": 6934,
    "testsRegistered": 7,
    "passPercent": 100,
    "pendingPercent": 0,
    "other": 0,
    "hasOther": false,
    "skipped": 0,
    "hasSkipped": false
  },
  "results": [
    {
      "uuid": "7854abad-f94f-4155-b41e-90fd37c32181",
      "title": "",
      "fullFile": "cypress/e2e/link_start_arrival.cy.js",
      "file": "cypress/e2e/link_start_arrival.cy.js",
      "beforeHooks": [],
      "afterHooks": [],
      "tests": [],
      "suites": [
        {
          "uuid": "adc1eef7-da46-4b11-bea4-f52afa4c5441",
          "title": "get the hikes list",
          "fullFile": "",
          "file": "",
          "beforeHooks": [],
          "afterHooks": [],
          "tests": [
            {
              "title": "login ",
              "fullTitle": "get the hikes list login ",
              "timedOut": null,
              "duration": 3011,
              "state": "passed",
              "speed": "fast",
              "pass": true,
              "fail": false,
              "pending": false,
              "context": null,
              "code": "cy.login(\"lg1@p.it\", \"password\");",
              "err": {},
              "uuid": "7c970553-0aed-40d0-885f-7854fc80119d",
              "parentUUID": "adc1eef7-da46-4b11-bea4-f52afa4c5441",
              "isHook": false,
              "skipped": false
            },
            {
              "title": "jump into certain hike page test",
              "fullTitle": "get the hikes list jump into certain hike page test",
              "timedOut": null,
              "duration": 231,
              "state": "passed",
              "speed": "fast",
              "pass": true,
              "fail": false,
              "pending": false,
              "context": null,
              "code": "cy.contains('Great War: from Malga Grassi to Rifugio Pernici').parent().parent().within(() => {\n  cy.contains('see more').click({\n    force: true\n  });\n});",
              "err": {},
              "uuid": "30b06387-4997-4135-a5a2-89bce13fb661",
              "parentUUID": "adc1eef7-da46-4b11-bea4-f52afa4c5441",
              "isHook": false,
              "skipped": false
            },
            {
              "title": "edit button test",
              "fullTitle": "get the hikes list edit button test",
              "timedOut": null,
              "duration": 99,
              "state": "passed",
              "speed": "fast",
              "pass": true,
              "fail": false,
              "pending": false,
              "context": null,
              "code": "cy.contains('Start Point').parent().within(() => {\n  cy.get('button').click({\n    force: true\n  });\n});",
              "err": {},
              "uuid": "9f5f6d76-66d4-418d-a236-e8808bce5721",
              "parentUUID": "adc1eef7-da46-4b11-bea4-f52afa4c5441",
              "isHook": false,
              "skipped": false
            },
            {
              "title": "adding a hut point as start point test",
              "fullTitle": "get the hikes list adding a hut point as start point test",
              "timedOut": null,
              "duration": 315,
              "state": "passed",
              "speed": "fast",
              "pass": true,
              "fail": false,
              "pending": false,
              "context": null,
              "code": "//test first select input:choose type of start point\ncy.contains('Select the new start point:');\ncy.get('select').eq(0).select('Hut', {\n  force: true\n}).invoke('val').should('eq', 'hut'); //test second select input:choose one certain hut name\ncy.contains('Select the hut:');\ncy.get('select').eq(1).select('Rifugio Capanna', {\n  force: true\n}).invoke('val').should('deep.equal', '9');\ncy.contains('Confirm').click({\n  force: true\n});",
              "err": {},
              "uuid": "bb8ce203-aec6-4937-b0d8-972e9223a781",
              "parentUUID": "adc1eef7-da46-4b11-bea4-f52afa4c5441",
              "isHook": false,
              "skipped": false
            }
          ],
          "suites": [],
          "passes": [
            "7c970553-0aed-40d0-885f-7854fc80119d",
            "30b06387-4997-4135-a5a2-89bce13fb661",
            "9f5f6d76-66d4-418d-a236-e8808bce5721",
            "bb8ce203-aec6-4937-b0d8-972e9223a781"
          ],
          "failures": [],
          "pending": [],
          "skipped": [],
          "duration": 3656,
          "root": false,
          "rootEmpty": false,
          "_timeout": 2000
        },
        {
          "uuid": "56b8078a-a967-49e1-91cd-6815592086aa",
          "title": "cancel button test",
          "fullFile": "",
          "file": "",
          "beforeHooks": [],
          "afterHooks": [],
          "tests": [
            {
              "title": "jump into certain hike page test",
              "fullTitle": "cancel button test jump into certain hike page test",
              "timedOut": null,
              "duration": 1652,
              "state": "passed",
              "speed": "fast",
              "pass": true,
              "fail": false,
              "pending": false,
              "context": null,
              "code": "cy.login(\"lg1@p.it\", \"password\");\ncy.visit('http://localhost:3000/hike/7');\ncy.contains('Start Point').parent().within(() => {\n  cy.get('button').click({\n    force: true\n  });\n});\ncy.contains('Cancel').click({\n  force: true\n});\ncy.get('select').should('not.exist');",
              "err": {},
              "uuid": "d56ae777-665e-4511-a756-5966d1d54d8d",
              "parentUUID": "56b8078a-a967-49e1-91cd-6815592086aa",
              "isHook": false,
              "skipped": false
            }
          ],
          "suites": [],
          "passes": [
            "d56ae777-665e-4511-a756-5966d1d54d8d"
          ],
          "failures": [],
          "pending": [],
          "skipped": [],
          "duration": 1652,
          "root": false,
          "rootEmpty": false,
          "_timeout": 2000
        },
        {
          "uuid": "612ccaeb-086e-48e9-8268-5c32474a3b0f",
          "title": "insert a start point and insert name of start point test",
          "fullFile": "",
          "file": "",
          "beforeHooks": [],
          "afterHooks": [],
          "tests": [
            {
              "title": "start point change successfully test",
              "fullTitle": "insert a start point and insert name of start point test start point change successfully test",
              "timedOut": null,
              "duration": 539,
              "state": "passed",
              "speed": "fast",
              "pass": true,
              "fail": false,
              "pending": false,
              "context": null,
              "code": "cy.contains('Start Point').parent().within(() => {\n  cy.get('button').click({\n    force: true\n  });\n});\ncy.get('select').eq(0).select('Default', {\n  force: true\n}).invoke('val').should('eq', 'default');\ncy.contains('Name');\ncy.get(\"#validationCustom04\").type('porta nuova', {\n  force: true\n}).should('have.value', 'porta nuova');\ncy.contains('Confirm');\ncy.contains('Cancel').click({\n  force: true\n});",
              "err": {},
              "uuid": "637be80d-f70d-4e60-913f-fae6266eaa4b",
              "parentUUID": "612ccaeb-086e-48e9-8268-5c32474a3b0f",
              "isHook": false,
              "skipped": false
            }
          ],
          "suites": [],
          "passes": [
            "637be80d-f70d-4e60-913f-fae6266eaa4b"
          ],
          "failures": [],
          "pending": [],
          "skipped": [],
          "duration": 539,
          "root": false,
          "rootEmpty": false,
          "_timeout": 2000
        },
        {
          "uuid": "cfa34a23-945a-4fae-a7fd-d930b33f7e8e",
          "title": "add a parking lot as a end point",
          "fullFile": "",
          "file": "",
          "beforeHooks": [],
          "afterHooks": [],
          "tests": [
            {
              "title": "adding a parking lot as end point test",
              "fullTitle": "add a parking lot as a end point adding a parking lot as end point test",
              "timedOut": null,
              "duration": 376,
              "state": "passed",
              "speed": "fast",
              "pass": true,
              "fail": false,
              "pending": false,
              "context": null,
              "code": "cy.contains('End Point').parent().within(() => {\n  cy.get('button').click({\n    force: true\n  });\n});\ncy.get('select').eq(0).select('Parking Lot', {\n  force: true\n}).invoke('val').should('eq', 'parking lot'); //test second select input:choose one certain park name\ncy.contains('Select the parking lot:');\ncy.get('select').eq(1).select('Parking place Malga Grassi', {\n  force: true\n}).invoke('val').should('deep.equal', '4');\ncy.contains('Confirm').click({\n  force: true\n});",
              "err": {},
              "uuid": "8fd40a6f-256f-49a3-9bd1-baf93814391d",
              "parentUUID": "cfa34a23-945a-4fae-a7fd-d930b33f7e8e",
              "isHook": false,
              "skipped": false
            }
          ],
          "suites": [],
          "passes": [
            "8fd40a6f-256f-49a3-9bd1-baf93814391d"
          ],
          "failures": [],
          "pending": [],
          "skipped": [],
          "duration": 376,
          "root": false,
          "rootEmpty": false,
          "_timeout": 2000
        }
      ],
      "passes": [],
      "failures": [],
      "pending": [],
      "skipped": [],
      "duration": 0,
      "root": true,
      "rootEmpty": true,
      "_timeout": 2000
    }
  ],
  "meta": {
    "mocha": {
      "version": "7.0.1"
    },
    "mochawesome": {
      "options": {
        "quiet": false,
        "reportFilename": "mochawesome",
        "saveHtml": false,
        "saveJson": true,
        "consoleReporter": "spec",
        "useInlineDiffs": false,
        "code": true
      },
      "version": "7.1.3"
    },
    "marge": {
      "options": {
        "reportDir": "cypress/results",
        "overwrite": false,
        "html": false,
        "json": true
      },
      "version": "6.2.0"
    }
  }
}