{
  "stats": {
    "suites": 1,
    "tests": 5,
    "passes": 5,
    "pending": 0,
    "failures": 0,
    "start": "2022-12-09T20:49:05.269Z",
    "end": "2022-12-09T20:49:10.812Z",
    "duration": 5543,
    "testsRegistered": 5,
    "passPercent": 100,
    "pendingPercent": 0,
    "other": 0,
    "hasOther": false,
    "skipped": 0,
    "hasSkipped": false
  },
  "results": [
    {
      "uuid": "bad1c826-dec5-45ef-aecb-2dd15808657c",
      "title": "",
      "fullFile": "cypress/e2e/add_reference_point.cy.js",
      "file": "cypress/e2e/add_reference_point.cy.js",
      "beforeHooks": [],
      "afterHooks": [],
      "tests": [],
      "suites": [
        {
          "uuid": "9117ce43-dbc4-4499-9b04-24c55a3ddf75",
          "title": "the local guide wants to define reference points",
          "fullFile": "",
          "file": "",
          "beforeHooks": [],
          "afterHooks": [],
          "tests": [
            {
              "title": "jump into certain hike page test",
              "fullTitle": "the local guide wants to define reference points jump into certain hike page test",
              "timedOut": null,
              "duration": 2773,
              "state": "passed",
              "speed": "fast",
              "pass": true,
              "fail": false,
              "pending": false,
              "context": null,
              "code": "cy.login(\"lg1@p.it\", \"password\");\ncy.get('.title').contains('Alassio, San Bernardo, Poggio Brea, Laigueglia, Metta, Torre Pisana e Moglio').parent().parent().within(() => {\n  cy.contains('see more').click({\n    force: true\n  });\n});",
              "err": {},
              "uuid": "96451738-9c49-4bb3-98a7-bbca50272260",
              "parentUUID": "9117ce43-dbc4-4499-9b04-24c55a3ddf75",
              "isHook": false,
              "skipped": false
            },
            {
              "title": "test cancel button",
              "fullTitle": "the local guide wants to define reference points test cancel button",
              "timedOut": null,
              "duration": 759,
              "state": "passed",
              "speed": "fast",
              "pass": true,
              "fail": false,
              "pending": false,
              "context": null,
              "code": "cy.get('button').contains('Add new point').click();\ncy.get('#validationCustom04').clear().type('yyyyy').should('have.value', 'yyyyy');\ncy.get('button').contains('Cancel').click();\ncy.get('#validationCustom04').should('not.exist');\ncy.contains('Add new point');",
              "err": {},
              "uuid": "2dca7f0d-2d08-45db-80df-6d7b54fd9572",
              "parentUUID": "9117ce43-dbc4-4499-9b04-24c55a3ddf75",
              "isHook": false,
              "skipped": false
            },
            {
              "title": "add new reference point without select a point on the map test",
              "fullTitle": "the local guide wants to define reference points add new reference point without select a point on the map test",
              "timedOut": null,
              "duration": 490,
              "state": "passed",
              "speed": "fast",
              "pass": true,
              "fail": false,
              "pending": false,
              "context": null,
              "code": "cy.get('button').contains('Add new point').click();\ncy.get('#validationCustom04').type('wy').should('have.value', 'wy');\ncy.contains('Confirm point').click();\ncy.on('window:alert', alert => {\n  expect(alert).to.eq('Please select a point.');\n});\ncy.get('.btn-close').click();",
              "err": {},
              "uuid": "648c0131-5184-4b53-a6c5-8c0d16a06ade",
              "parentUUID": "9117ce43-dbc4-4499-9b04-24c55a3ddf75",
              "isHook": false,
              "skipped": false
            },
            {
              "title": "add new reference point after selecting a point on the map test",
              "fullTitle": "the local guide wants to define reference points add new reference point after selecting a point on the map test",
              "timedOut": null,
              "duration": 737,
              "state": "passed",
              "speed": "fast",
              "pass": true,
              "fail": false,
              "pending": false,
              "context": null,
              "code": "cy.get('.list-group').eq(5).trigger('click', {\n  multiple: true\n});\ncy.contains('Address');\ncy.get('#validationCustom05').should('have.value', 'Via Alessandro Battaglia');\ncy.get('button').contains('Confirm point').click();",
              "err": {},
              "uuid": "99e0796c-7d72-45e5-9698-059ecc5c257d",
              "parentUUID": "9117ce43-dbc4-4499-9b04-24c55a3ddf75",
              "isHook": false,
              "skipped": false
            },
            {
              "title": "add new reference point without login test",
              "fullTitle": "the local guide wants to define reference points add new reference point without login test",
              "timedOut": null,
              "duration": 121,
              "state": "passed",
              "speed": "fast",
              "pass": true,
              "fail": false,
              "pending": false,
              "context": null,
              "code": "cy.visit('http://localhost:3000/hike/20');\ncy.get('button').contains('Add new point').should('not.exist');",
              "err": {},
              "uuid": "49938e54-73ba-4b5f-9210-b67da6c9c800",
              "parentUUID": "9117ce43-dbc4-4499-9b04-24c55a3ddf75",
              "isHook": false,
              "skipped": false
            }
          ],
          "suites": [],
          "passes": [
            "96451738-9c49-4bb3-98a7-bbca50272260",
            "2dca7f0d-2d08-45db-80df-6d7b54fd9572",
            "648c0131-5184-4b53-a6c5-8c0d16a06ade",
            "99e0796c-7d72-45e5-9698-059ecc5c257d",
            "49938e54-73ba-4b5f-9210-b67da6c9c800"
          ],
          "failures": [],
          "pending": [],
          "skipped": [],
          "duration": 4880,
          "root": false,
          "rootEmpty": false,
          "_timeout": 2000
        }
      ],
      "passes": [],
      "failures": [],
      "pending": [],
      "skipped": [],
      "duration": 0,
      "root": true,
      "rootEmpty": true,
      "_timeout": 2000
    }
  ],
  "meta": {
    "mocha": {
      "version": "7.0.1"
    },
    "mochawesome": {
      "options": {
        "quiet": false,
        "reportFilename": "mochawesome",
        "saveHtml": false,
        "saveJson": true,
        "consoleReporter": "spec",
        "useInlineDiffs": false,
        "code": true
      },
      "version": "7.1.3"
    },
    "marge": {
      "options": {
        "reportDir": "cypress/results",
        "overwrite": false,
        "html": false,
        "json": true
      },
      "version": "6.2.0"
    }
  }
}