{"/Users/marcomele98/Desktop/PoliTO/Magistrale/Secondo anno/Software engineering 2/Main project/HikeTracker_Group05/server/Queries/DAO.js": {"path":"/Users/marcomele98/Desktop/PoliTO/Magistrale/Secondo anno/Software engineering 2/Main project/HikeTracker_Group05/server/Queries/DAO.js","statementMap":{"0":{"start":{"line":3,"column":15},"end":{"line":3,"column":33}},"1":{"start":{"line":4,"column":11},"end":{"line":6,"column":2}},"2":{"start":{"line":5,"column":4},"end":{"line":5,"column":23}},"3":{"start":{"line":5,"column":13},"end":{"line":5,"column":23}},"4":{"start":{"line":8,"column":0},"end":{"line":8,"column":35}},"5":{"start":{"line":10,"column":0},"end":{"line":19,"column":1}},"6":{"start":{"line":11,"column":4},"end":{"line":18,"column":6}},"7":{"start":{"line":12,"column":8},"end":{"line":17,"column":11}},"8":{"start":{"line":13,"column":12},"end":{"line":15,"column":13}},"9":{"start":{"line":14,"column":16},"end":{"line":14,"column":42}},"10":{"start":{"line":16,"column":12},"end":{"line":16,"column":31}},"11":{"start":{"line":23,"column":0},"end":{"line":25,"column":1}},"12":{"start":{"line":24,"column":4},"end":{"line":24,"column":20}},"13":{"start":{"line":27,"column":0},"end":{"line":36,"column":1}},"14":{"start":{"line":28,"column":4},"end":{"line":35,"column":6}},"15":{"start":{"line":29,"column":8},"end":{"line":34,"column":11}},"16":{"start":{"line":30,"column":12},"end":{"line":32,"column":13}},"17":{"start":{"line":31,"column":16},"end":{"line":31,"column":42}},"18":{"start":{"line":33,"column":12},"end":{"line":33,"column":31}},"19":{"start":{"line":38,"column":0},"end":{"line":47,"column":1}},"20":{"start":{"line":39,"column":4},"end":{"line":46,"column":6}},"21":{"start":{"line":40,"column":8},"end":{"line":45,"column":11}},"22":{"start":{"line":41,"column":12},"end":{"line":43,"column":13}},"23":{"start":{"line":42,"column":16},"end":{"line":42,"column":42}},"24":{"start":{"line":44,"column":12},"end":{"line":44,"column":29}},"25":{"start":{"line":50,"column":0},"end":{"line":62,"column":1}},"26":{"start":{"line":51,"column":4},"end":{"line":61,"column":6}},"27":{"start":{"line":52,"column":8},"end":{"line":60,"column":10}},"28":{"start":{"line":53,"column":12},"end":{"line":56,"column":13}},"29":{"start":{"line":54,"column":14},"end":{"line":54,"column":23}},"30":{"start":{"line":55,"column":14},"end":{"line":55,"column":21}},"31":{"start":{"line":57,"column":12},"end":{"line":57,"column":60}},"32":{"start":{"line":57,"column":36},"end":{"line":57,"column":60}},"33":{"start":{"line":58,"column":12},"end":{"line":58,"column":29}}},"fnMap":{"0":{"name":"(anonymous_0)","decl":{"start":{"line":4,"column":44},"end":{"line":4,"column":45}},"loc":{"start":{"line":4,"column":53},"end":{"line":6,"column":1}},"line":4},"1":{"name":"(anonymous_1)","decl":{"start":{"line":10,"column":14},"end":{"line":10,"column":15}},"loc":{"start":{"line":10,"column":32},"end":{"line":19,"column":1}},"line":10},"2":{"name":"(anonymous_2)","decl":{"start":{"line":11,"column":23},"end":{"line":11,"column":24}},"loc":{"start":{"line":11,"column":37},"end":{"line":18,"column":5}},"line":11},"3":{"name":"(anonymous_3)","decl":{"start":{"line":12,"column":29},"end":{"line":12,"column":30}},"loc":{"start":{"line":12,"column":48},"end":{"line":17,"column":9}},"line":12},"4":{"name":"(anonymous_4)","decl":{"start":{"line":23,"column":20},"end":{"line":23,"column":21}},"loc":{"start":{"line":23,"column":27},"end":{"line":25,"column":1}},"line":23},"5":{"name":"(anonymous_5)","decl":{"start":{"line":27,"column":14},"end":{"line":27,"column":15}},"loc":{"start":{"line":27,"column":32},"end":{"line":36,"column":1}},"line":27},"6":{"name":"(anonymous_6)","decl":{"start":{"line":28,"column":23},"end":{"line":28,"column":24}},"loc":{"start":{"line":28,"column":37},"end":{"line":35,"column":5}},"line":28},"7":{"name":"(anonymous_7)","decl":{"start":{"line":29,"column":29},"end":{"line":29,"column":30}},"loc":{"start":{"line":29,"column":48},"end":{"line":34,"column":9}},"line":29},"8":{"name":"(anonymous_8)","decl":{"start":{"line":38,"column":14},"end":{"line":38,"column":15}},"loc":{"start":{"line":38,"column":32},"end":{"line":47,"column":1}},"line":38},"9":{"name":"(anonymous_9)","decl":{"start":{"line":39,"column":23},"end":{"line":39,"column":24}},"loc":{"start":{"line":39,"column":37},"end":{"line":46,"column":5}},"line":39},"10":{"name":"(anonymous_10)","decl":{"start":{"line":40,"column":29},"end":{"line":40,"column":30}},"loc":{"start":{"line":40,"column":40},"end":{"line":45,"column":9}},"line":40},"11":{"name":"(anonymous_11)","decl":{"start":{"line":50,"column":17},"end":{"line":50,"column":18}},"loc":{"start":{"line":50,"column":35},"end":{"line":62,"column":1}},"line":50},"12":{"name":"(anonymous_12)","decl":{"start":{"line":51,"column":23},"end":{"line":51,"column":24}},"loc":{"start":{"line":51,"column":37},"end":{"line":61,"column":5}},"line":51},"13":{"name":"(anonymous_13)","decl":{"start":{"line":52,"column":29},"end":{"line":52,"column":30}},"loc":{"start":{"line":52,"column":44},"end":{"line":59,"column":11}},"line":52}},"branchMap":{"0":{"loc":{"start":{"line":5,"column":4},"end":{"line":5,"column":23}},"type":"if","locations":[{"start":{"line":5,"column":4},"end":{"line":5,"column":23}},{"start":{},"end":{}}],"line":5},"1":{"loc":{"start":{"line":13,"column":12},"end":{"line":15,"column":13}},"type":"if","locations":[{"start":{"line":13,"column":12},"end":{"line":15,"column":13}},{"start":{},"end":{}}],"line":13},"2":{"loc":{"start":{"line":30,"column":12},"end":{"line":32,"column":13}},"type":"if","locations":[{"start":{"line":30,"column":12},"end":{"line":32,"column":13}},{"start":{},"end":{}}],"line":30},"3":{"loc":{"start":{"line":41,"column":12},"end":{"line":43,"column":13}},"type":"if","locations":[{"start":{"line":41,"column":12},"end":{"line":43,"column":13}},{"start":{},"end":{}}],"line":41},"4":{"loc":{"start":{"line":53,"column":12},"end":{"line":56,"column":13}},"type":"if","locations":[{"start":{"line":53,"column":12},"end":{"line":56,"column":13}},{"start":{},"end":{}}],"line":53},"5":{"loc":{"start":{"line":57,"column":12},"end":{"line":57,"column":60}},"type":"if","locations":[{"start":{"line":57,"column":12},"end":{"line":57,"column":60}},{"start":{},"end":{}}],"line":57}},"s":{"0":11,"1":11,"2":11,"3":0,"4":11,"5":11,"6":26,"7":26,"8":26,"9":0,"10":26,"11":11,"12":0,"13":11,"14":60,"15":60,"16":60,"17":0,"18":60,"19":11,"20":258,"21":258,"22":258,"23":0,"24":258,"25":11,"26":13,"27":13,"28":13,"29":0,"30":0,"31":13,"32":0,"33":13},"f":{"0":11,"1":26,"2":26,"3":26,"4":0,"5":60,"6":60,"7":60,"8":258,"9":258,"10":258,"11":13,"12":13,"13":13},"b":{"0":[0,11],"1":[0,26],"2":[0,60],"3":[0,258],"4":[0,13],"5":[0,13]},"_coverageSchema":"1a1c01bbd47fc00a2c39e90264f33305004495a9","hash":"18ddb5ea7875c26d475ebd553fad30ffbbb8234f"}
,"/Users/marcomele98/Desktop/PoliTO/Magistrale/Secondo anno/Software engineering 2/Main project/HikeTracker_Group05/server/Queries/hike.js": {"path":"/Users/marcomele98/Desktop/PoliTO/Magistrale/Secondo anno/Software engineering 2/Main project/HikeTracker_Group05/server/Queries/hike.js","statementMap":{"0":{"start":{"line":3,"column":11},"end":{"line":3,"column":27}},"1":{"start":{"line":6,"column":0},"end":{"line":10,"column":1}},"2":{"start":{"line":7,"column":20},"end":{"line":7,"column":201}},"3":{"start":{"line":8,"column":21},"end":{"line":8,"column":232}},"4":{"start":{"line":9,"column":8},"end":{"line":9,"column":22}},"5":{"start":{"line":12,"column":0},"end":{"line":15,"column":1}},"6":{"start":{"line":13,"column":20},"end":{"line":13,"column":124}},"7":{"start":{"line":14,"column":8},"end":{"line":14,"column":84}},"8":{"start":{"line":17,"column":0},"end":{"line":20,"column":1}},"9":{"start":{"line":18,"column":20},"end":{"line":18,"column":40}},"10":{"start":{"line":19,"column":8},"end":{"line":19,"column":31}},"11":{"start":{"line":22,"column":0},"end":{"line":25,"column":1}},"12":{"start":{"line":23,"column":20},"end":{"line":23,"column":44}},"13":{"start":{"line":24,"column":8},"end":{"line":24,"column":31}},"14":{"start":{"line":27,"column":0},"end":{"line":30,"column":1}},"15":{"start":{"line":28,"column":20},"end":{"line":28,"column":48}},"16":{"start":{"line":29,"column":8},"end":{"line":29,"column":31}},"17":{"start":{"line":32,"column":0},"end":{"line":35,"column":2}},"18":{"start":{"line":33,"column":20},"end":{"line":33,"column":51}},"19":{"start":{"line":34,"column":8},"end":{"line":34,"column":33}},"20":{"start":{"line":37,"column":0},"end":{"line":40,"column":2}},"21":{"start":{"line":38,"column":20},"end":{"line":38,"column":65}},"22":{"start":{"line":39,"column":8},"end":{"line":39,"column":33}},"23":{"start":{"line":42,"column":0},"end":{"line":45,"column":2}},"24":{"start":{"line":43,"column":20},"end":{"line":43,"column":73}},"25":{"start":{"line":44,"column":8},"end":{"line":44,"column":39}},"26":{"start":{"line":47,"column":0},"end":{"line":50,"column":2}},"27":{"start":{"line":48,"column":20},"end":{"line":48,"column":73}},"28":{"start":{"line":49,"column":8},"end":{"line":49,"column":46}},"29":{"start":{"line":52,"column":0},"end":{"line":55,"column":2}},"30":{"start":{"line":53,"column":20},"end":{"line":53,"column":81}},"31":{"start":{"line":54,"column":8},"end":{"line":54,"column":56}},"32":{"start":{"line":57,"column":0},"end":{"line":60,"column":1}},"33":{"start":{"line":58,"column":20},"end":{"line":58,"column":75}},"34":{"start":{"line":59,"column":8},"end":{"line":59,"column":52}},"35":{"start":{"line":62,"column":0},"end":{"line":65,"column":1}},"36":{"start":{"line":63,"column":20},"end":{"line":63,"column":83}},"37":{"start":{"line":64,"column":8},"end":{"line":64,"column":53}},"38":{"start":{"line":67,"column":0},"end":{"line":71,"column":1}},"39":{"start":{"line":68,"column":20},"end":{"line":68,"column":73}},"40":{"start":{"line":69,"column":22},"end":{"line":69,"column":52}},"41":{"start":{"line":70,"column":8},"end":{"line":70,"column":21}},"42":{"start":{"line":73,"column":0},"end":{"line":77,"column":1}},"43":{"start":{"line":74,"column":20},"end":{"line":74,"column":81}},"44":{"start":{"line":75,"column":21},"end":{"line":75,"column":61}},"45":{"start":{"line":76,"column":8},"end":{"line":76,"column":21}},"46":{"start":{"line":79,"column":0},"end":{"line":83,"column":1}},"47":{"start":{"line":80,"column":20},"end":{"line":80,"column":81}},"48":{"start":{"line":81,"column":21},"end":{"line":81,"column":53}},"49":{"start":{"line":82,"column":8},"end":{"line":82,"column":22}},"50":{"start":{"line":85,"column":0},"end":{"line":90,"column":1}},"51":{"start":{"line":86,"column":20},"end":{"line":87,"column":40}},"52":{"start":{"line":88,"column":21},"end":{"line":88,"column":68}},"53":{"start":{"line":89,"column":8},"end":{"line":89,"column":22}},"54":{"start":{"line":92,"column":0},"end":{"line":96,"column":1}},"55":{"start":{"line":93,"column":20},"end":{"line":93,"column":91}},"56":{"start":{"line":94,"column":21},"end":{"line":94,"column":63}},"57":{"start":{"line":95,"column":8},"end":{"line":95,"column":22}}},"fnMap":{"0":{"name":"(anonymous_0)","decl":{"start":{"line":6,"column":18},"end":{"line":6,"column":19}},"loc":{"start":{"line":6,"column":41},"end":{"line":10,"column":1}},"line":6},"1":{"name":"(anonymous_1)","decl":{"start":{"line":12,"column":21},"end":{"line":12,"column":22}},"loc":{"start":{"line":12,"column":86},"end":{"line":15,"column":1}},"line":12},"2":{"name":"(anonymous_2)","decl":{"start":{"line":17,"column":19},"end":{"line":17,"column":20}},"loc":{"start":{"line":17,"column":25},"end":{"line":20,"column":1}},"line":17},"3":{"name":"(anonymous_3)","decl":{"start":{"line":22,"column":23},"end":{"line":22,"column":24}},"loc":{"start":{"line":22,"column":29},"end":{"line":25,"column":1}},"line":22},"4":{"name":"(anonymous_4)","decl":{"start":{"line":27,"column":27},"end":{"line":27,"column":28}},"loc":{"start":{"line":27,"column":33},"end":{"line":30,"column":1}},"line":27},"5":{"name":"(anonymous_5)","decl":{"start":{"line":32,"column":22},"end":{"line":32,"column":23}},"loc":{"start":{"line":32,"column":30},"end":{"line":35,"column":1}},"line":32},"6":{"name":"(anonymous_6)","decl":{"start":{"line":37,"column":31},"end":{"line":37,"column":32}},"loc":{"start":{"line":37,"column":45},"end":{"line":40,"column":1}},"line":37},"7":{"name":"(anonymous_7)","decl":{"start":{"line":42,"column":35},"end":{"line":42,"column":36}},"loc":{"start":{"line":42,"column":49},"end":{"line":45,"column":1}},"line":42},"8":{"name":"(anonymous_8)","decl":{"start":{"line":47,"column":28},"end":{"line":47,"column":29}},"loc":{"start":{"line":47,"column":55},"end":{"line":50,"column":1}},"line":47},"9":{"name":"(anonymous_9)","decl":{"start":{"line":52,"column":32},"end":{"line":52,"column":33}},"loc":{"start":{"line":52,"column":63},"end":{"line":55,"column":1}},"line":52},"10":{"name":"(anonymous_10)","decl":{"start":{"line":57,"column":27},"end":{"line":57,"column":28}},"loc":{"start":{"line":57,"column":54},"end":{"line":60,"column":1}},"line":57},"11":{"name":"(anonymous_11)","decl":{"start":{"line":62,"column":28},"end":{"line":62,"column":29}},"loc":{"start":{"line":62,"column":56},"end":{"line":65,"column":1}},"line":62},"12":{"name":"(anonymous_12)","decl":{"start":{"line":67,"column":27},"end":{"line":67,"column":28}},"loc":{"start":{"line":67,"column":54},"end":{"line":71,"column":1}},"line":67},"13":{"name":"(anonymous_13)","decl":{"start":{"line":73,"column":28},"end":{"line":73,"column":29}},"loc":{"start":{"line":73,"column":56},"end":{"line":77,"column":1}},"line":73},"14":{"name":"(anonymous_14)","decl":{"start":{"line":79,"column":25},"end":{"line":79,"column":26}},"loc":{"start":{"line":79,"column":54},"end":{"line":83,"column":1}},"line":79},"15":{"name":"(anonymous_15)","decl":{"start":{"line":85,"column":27},"end":{"line":85,"column":28}},"loc":{"start":{"line":85,"column":68},"end":{"line":90,"column":1}},"line":85},"16":{"name":"(anonymous_16)","decl":{"start":{"line":92,"column":25},"end":{"line":92,"column":26}},"loc":{"start":{"line":92,"column":63},"end":{"line":96,"column":1}},"line":92}},"branchMap":{},"s":{"0":7,"1":7,"2":3,"3":3,"4":3,"5":7,"6":3,"7":3,"8":7,"9":1,"10":1,"11":7,"12":1,"13":1,"14":7,"15":1,"16":1,"17":7,"18":10,"19":10,"20":7,"21":10,"22":10,"23":7,"24":7,"25":7,"26":7,"27":3,"28":3,"29":7,"30":3,"31":3,"32":7,"33":2,"34":2,"35":7,"36":2,"37":2,"38":7,"39":2,"40":2,"41":2,"42":7,"43":2,"44":2,"45":2,"46":7,"47":0,"48":0,"49":0,"50":7,"51":0,"52":0,"53":0,"54":7,"55":0,"56":0,"57":0},"f":{"0":3,"1":3,"2":1,"3":1,"4":1,"5":10,"6":10,"7":7,"8":3,"9":3,"10":2,"11":2,"12":2,"13":2,"14":0,"15":0,"16":0},"b":{},"_coverageSchema":"1a1c01bbd47fc00a2c39e90264f33305004495a9","hash":"c8f916b632c340bc2ea4bdd3be9a1f7e7a2e16bf"}
,"/Users/marcomele98/Desktop/PoliTO/Magistrale/Secondo anno/Software engineering 2/Main project/HikeTracker_Group05/server/Queries/hut.js": {"path":"/Users/marcomele98/Desktop/PoliTO/Magistrale/Secondo anno/Software engineering 2/Main project/HikeTracker_Group05/server/Queries/hut.js","statementMap":{"0":{"start":{"line":3,"column":11},"end":{"line":3,"column":27}},"1":{"start":{"line":5,"column":0},"end":{"line":8,"column":1}},"2":{"start":{"line":6,"column":14},"end":{"line":6,"column":33}},"3":{"start":{"line":7,"column":2},"end":{"line":7,"column":25}},"4":{"start":{"line":10,"column":0},"end":{"line":13,"column":2}},"5":{"start":{"line":11,"column":14},"end":{"line":11,"column":44}},"6":{"start":{"line":12,"column":2},"end":{"line":12,"column":27}},"7":{"start":{"line":15,"column":0},"end":{"line":19,"column":1}},"8":{"start":{"line":16,"column":14},"end":{"line":16,"column":191}},"9":{"start":{"line":17,"column":15},"end":{"line":17,"column":219}},"10":{"start":{"line":18,"column":2},"end":{"line":18,"column":16}}},"fnMap":{"0":{"name":"(anonymous_0)","decl":{"start":{"line":5,"column":18},"end":{"line":5,"column":19}},"loc":{"start":{"line":5,"column":24},"end":{"line":8,"column":1}},"line":5},"1":{"name":"(anonymous_1)","decl":{"start":{"line":10,"column":21},"end":{"line":10,"column":22}},"loc":{"start":{"line":10,"column":29},"end":{"line":13,"column":1}},"line":10},"2":{"name":"(anonymous_2)","decl":{"start":{"line":15,"column":17},"end":{"line":15,"column":18}},"loc":{"start":{"line":15,"column":32},"end":{"line":19,"column":1}},"line":15}},"branchMap":{},"s":{"0":3,"1":3,"2":1,"3":1,"4":3,"5":10,"6":10,"7":3,"8":3,"9":3,"10":3},"f":{"0":1,"1":10,"2":3},"b":{},"_coverageSchema":"1a1c01bbd47fc00a2c39e90264f33305004495a9","hash":"58f9da3c95668a834da30a446176c2cf9ab9e767"}
,"/Users/marcomele98/Desktop/PoliTO/Magistrale/Secondo anno/Software engineering 2/Main project/HikeTracker_Group05/server/Queries/parking.js": {"path":"/Users/marcomele98/Desktop/PoliTO/Magistrale/Secondo anno/Software engineering 2/Main project/HikeTracker_Group05/server/Queries/parking.js","statementMap":{"0":{"start":{"line":3,"column":11},"end":{"line":3,"column":27}},"1":{"start":{"line":6,"column":0},"end":{"line":9,"column":1}},"2":{"start":{"line":7,"column":14},"end":{"line":7,"column":41}},"3":{"start":{"line":8,"column":2},"end":{"line":8,"column":25}},"4":{"start":{"line":11,"column":0},"end":{"line":15,"column":1}},"5":{"start":{"line":12,"column":14},"end":{"line":12,"column":140}},"6":{"start":{"line":13,"column":15},"end":{"line":13,"column":148}},"7":{"start":{"line":14,"column":2},"end":{"line":14,"column":16}},"8":{"start":{"line":17,"column":0},"end":{"line":20,"column":2}},"9":{"start":{"line":18,"column":14},"end":{"line":18,"column":52}},"10":{"start":{"line":19,"column":2},"end":{"line":19,"column":27}}},"fnMap":{"0":{"name":"(anonymous_0)","decl":{"start":{"line":6,"column":22},"end":{"line":6,"column":23}},"loc":{"start":{"line":6,"column":28},"end":{"line":9,"column":1}},"line":6},"1":{"name":"(anonymous_1)","decl":{"start":{"line":11,"column":21},"end":{"line":11,"column":22}},"loc":{"start":{"line":11,"column":37},"end":{"line":15,"column":1}},"line":11},"2":{"name":"(anonymous_2)","decl":{"start":{"line":17,"column":25},"end":{"line":17,"column":26}},"loc":{"start":{"line":17,"column":33},"end":{"line":20,"column":1}},"line":17}},"branchMap":{},"s":{"0":3,"1":3,"2":1,"3":1,"4":3,"5":2,"6":2,"7":2,"8":3,"9":11,"10":11},"f":{"0":1,"1":2,"2":11},"b":{},"_coverageSchema":"1a1c01bbd47fc00a2c39e90264f33305004495a9","hash":"362ae8d6862a9df374a5778bf16cecd7f35a538b"}
,"/Users/marcomele98/Desktop/PoliTO/Magistrale/Secondo anno/Software engineering 2/Main project/HikeTracker_Group05/server/Queries/point.js": {"path":"/Users/marcomele98/Desktop/PoliTO/Magistrale/Secondo anno/Software engineering 2/Main project/HikeTracker_Group05/server/Queries/point.js","statementMap":{"0":{"start":{"line":3,"column":11},"end":{"line":3,"column":27}},"1":{"start":{"line":6,"column":0},"end":{"line":10,"column":1}},"2":{"start":{"line":7,"column":14},"end":{"line":7,"column":113}},"3":{"start":{"line":8,"column":15},"end":{"line":8,"column":122}},"4":{"start":{"line":9,"column":2},"end":{"line":9,"column":16}},"5":{"start":{"line":13,"column":0},"end":{"line":16,"column":2}},"6":{"start":{"line":14,"column":14},"end":{"line":14,"column":46}},"7":{"start":{"line":15,"column":2},"end":{"line":15,"column":27}},"8":{"start":{"line":18,"column":0},"end":{"line":21,"column":2}},"9":{"start":{"line":19,"column":14},"end":{"line":19,"column":51}},"10":{"start":{"line":20,"column":2},"end":{"line":20,"column":33}},"11":{"start":{"line":23,"column":0},"end":{"line":26,"column":1}},"12":{"start":{"line":24,"column":14},"end":{"line":24,"column":46}},"13":{"start":{"line":25,"column":2},"end":{"line":25,"column":27}}},"fnMap":{"0":{"name":"(anonymous_0)","decl":{"start":{"line":6,"column":21},"end":{"line":6,"column":22}},"loc":{"start":{"line":6,"column":47},"end":{"line":10,"column":1}},"line":6},"1":{"name":"(anonymous_1)","decl":{"start":{"line":13,"column":23},"end":{"line":13,"column":24}},"loc":{"start":{"line":13,"column":31},"end":{"line":16,"column":1}},"line":13},"2":{"name":"(anonymous_2)","decl":{"start":{"line":18,"column":28},"end":{"line":18,"column":29}},"loc":{"start":{"line":18,"column":42},"end":{"line":21,"column":1}},"line":18},"3":{"name":"(anonymous_3)","decl":{"start":{"line":23,"column":26},"end":{"line":23,"column":27}},"loc":{"start":{"line":23,"column":34},"end":{"line":26,"column":1}},"line":23}},"branchMap":{},"s":{"0":2,"1":2,"2":2,"3":2,"4":2,"5":2,"6":10,"7":10,"8":2,"9":4,"10":4,"11":2,"12":2,"13":2},"f":{"0":2,"1":10,"2":4,"3":2},"b":{},"_coverageSchema":"1a1c01bbd47fc00a2c39e90264f33305004495a9","hash":"3b54779a3b8ac882289a78fc37a3ca3aa8cc836a"}
,"/Users/marcomele98/Desktop/PoliTO/Magistrale/Secondo anno/Software engineering 2/Main project/HikeTracker_Group05/server/Queries/preferences.js": {"path":"/Users/marcomele98/Desktop/PoliTO/Magistrale/Secondo anno/Software engineering 2/Main project/HikeTracker_Group05/server/Queries/preferences.js","statementMap":{"0":{"start":{"line":3,"column":11},"end":{"line":3,"column":27}},"1":{"start":{"line":5,"column":0},"end":{"line":8,"column":2}},"2":{"start":{"line":6,"column":16},"end":{"line":6,"column":67}},"3":{"start":{"line":7,"column":4},"end":{"line":7,"column":29}},"4":{"start":{"line":10,"column":0},"end":{"line":22,"column":2}},"5":{"start":{"line":12,"column":16},"end":{"line":14,"column":85}},"6":{"start":{"line":16,"column":17},"end":{"line":19,"column":60}},"7":{"start":{"line":21,"column":4},"end":{"line":21,"column":18}},"8":{"start":{"line":24,"column":0},"end":{"line":27,"column":2}},"9":{"start":{"line":25,"column":16},"end":{"line":25,"column":65}},"10":{"start":{"line":26,"column":4},"end":{"line":26,"column":35}}},"fnMap":{"0":{"name":"(anonymous_0)","decl":{"start":{"line":5,"column":33},"end":{"line":5,"column":34}},"loc":{"start":{"line":5,"column":41},"end":{"line":8,"column":1}},"line":5},"1":{"name":"(anonymous_1)","decl":{"start":{"line":10,"column":25},"end":{"line":10,"column":26}},"loc":{"start":{"line":10,"column":50},"end":{"line":22,"column":1}},"line":10},"2":{"name":"(anonymous_2)","decl":{"start":{"line":24,"column":28},"end":{"line":24,"column":29}},"loc":{"start":{"line":24,"column":42},"end":{"line":27,"column":1}},"line":24}},"branchMap":{},"s":{"0":1,"1":1,"2":5,"3":5,"4":1,"5":1,"6":1,"7":1,"8":1,"9":1,"10":1},"f":{"0":5,"1":1,"2":1},"b":{},"_coverageSchema":"1a1c01bbd47fc00a2c39e90264f33305004495a9","hash":"0ea3937b0588e9a416f1b15d4ee9abb2e2842e57"}
,"/Users/marcomele98/Desktop/PoliTO/Magistrale/Secondo anno/Software engineering 2/Main project/HikeTracker_Group05/server/Queries/user.js": {"path":"/Users/marcomele98/Desktop/PoliTO/Magistrale/Secondo anno/Software engineering 2/Main project/HikeTracker_Group05/server/Queries/user.js","statementMap":{"0":{"start":{"line":3,"column":11},"end":{"line":3,"column":27}},"1":{"start":{"line":6,"column":0},"end":{"line":9,"column":1}},"2":{"start":{"line":7,"column":16},"end":{"line":7,"column":49}},"3":{"start":{"line":8,"column":4},"end":{"line":8,"column":29}},"4":{"start":{"line":12,"column":0},"end":{"line":15,"column":1}},"5":{"start":{"line":13,"column":16},"end":{"line":13,"column":52}},"6":{"start":{"line":14,"column":4},"end":{"line":14,"column":32}},"7":{"start":{"line":17,"column":0},"end":{"line":21,"column":1}},"8":{"start":{"line":18,"column":16},"end":{"line":19,"column":53}},"9":{"start":{"line":20,"column":4},"end":{"line":20,"column":83}}},"fnMap":{"0":{"name":"(anonymous_0)","decl":{"start":{"line":6,"column":22},"end":{"line":6,"column":23}},"loc":{"start":{"line":6,"column":36},"end":{"line":9,"column":1}},"line":6},"1":{"name":"(anonymous_1)","decl":{"start":{"line":12,"column":18},"end":{"line":12,"column":19}},"loc":{"start":{"line":12,"column":35},"end":{"line":15,"column":1}},"line":12},"2":{"name":"(anonymous_2)","decl":{"start":{"line":17,"column":18},"end":{"line":17,"column":19}},"loc":{"start":{"line":17,"column":85},"end":{"line":21,"column":1}},"line":17}},"branchMap":{},"s":{"0":1,"1":1,"2":4,"3":4,"4":1,"5":4,"6":4,"7":1,"8":1,"9":1},"f":{"0":4,"1":4,"2":1},"b":{},"_coverageSchema":"1a1c01bbd47fc00a2c39e90264f33305004495a9","hash":"96661d476f2fca964c8e15a6de82c09e65fcd0c6"}
,"/Users/marcomele98/Desktop/PoliTO/Magistrale/Secondo anno/Software engineering 2/Main project/HikeTracker_Group05/server/testObjects/preferences.js": {"path":"/Users/marcomele98/Desktop/PoliTO/Magistrale/Secondo anno/Software engineering 2/Main project/HikeTracker_Group05/server/testObjects/preferences.js","statementMap":{"0":{"start":{"line":1,"column":0},"end":{"line":17,"column":2}},"1":{"start":{"line":19,"column":0},"end":{"line":35,"column":2}},"2":{"start":{"line":37,"column":0},"end":{"line":40,"column":1}},"3":{"start":{"line":42,"column":0},"end":{"line":45,"column":1}}},"fnMap":{},"branchMap":{},"s":{"0":1,"1":1,"2":1,"3":1},"f":{},"b":{},"_coverageSchema":"1a1c01bbd47fc00a2c39e90264f33305004495a9","hash":"76fa733ba3233dd96adcee1548801d06e2b5a124"}
,"/Users/marcomele98/Desktop/PoliTO/Magistrale/Secondo anno/Software engineering 2/Main project/HikeTracker_Group05/server/utilities/daoUtilities.js": {"path":"/Users/marcomele98/Desktop/PoliTO/Magistrale/Secondo anno/Software engineering 2/Main project/HikeTracker_Group05/server/utilities/daoUtilities.js","statementMap":{"0":{"start":{"line":1,"column":11},"end":{"line":1,"column":36}},"1":{"start":{"line":3,"column":0},"end":{"line":13,"column":1}},"2":{"start":{"line":4,"column":4},"end":{"line":4,"column":45}},"3":{"start":{"line":5,"column":4},"end":{"line":5,"column":41}},"4":{"start":{"line":6,"column":4},"end":{"line":6,"column":37}},"5":{"start":{"line":7,"column":4},"end":{"line":7,"column":36}},"6":{"start":{"line":8,"column":4},"end":{"line":8,"column":44}},"7":{"start":{"line":9,"column":4},"end":{"line":9,"column":38}},"8":{"start":{"line":10,"column":4},"end":{"line":10,"column":50}},"9":{"start":{"line":11,"column":4},"end":{"line":11,"column":37}},"10":{"start":{"line":12,"column":4},"end":{"line":12,"column":48}},"11":{"start":{"line":15,"column":0},"end":{"line":22,"column":2}},"12":{"start":{"line":16,"column":4},"end":{"line":21,"column":6}},"13":{"start":{"line":24,"column":0},"end":{"line":31,"column":1}},"14":{"start":{"line":25,"column":4},"end":{"line":30,"column":6}},"15":{"start":{"line":33,"column":0},"end":{"line":40,"column":1}},"16":{"start":{"line":34,"column":4},"end":{"line":39,"column":6}},"17":{"start":{"line":42,"column":0},"end":{"line":49,"column":1}},"18":{"start":{"line":43,"column":4},"end":{"line":48,"column":6}},"19":{"start":{"line":51,"column":0},"end":{"line":58,"column":1}},"20":{"start":{"line":52,"column":4},"end":{"line":57,"column":6}}},"fnMap":{"0":{"name":"(anonymous_0)","decl":{"start":{"line":3,"column":18},"end":{"line":3,"column":19}},"loc":{"start":{"line":3,"column":29},"end":{"line":13,"column":1}},"line":3},"1":{"name":"(anonymous_1)","decl":{"start":{"line":15,"column":27},"end":{"line":15,"column":28}},"loc":{"start":{"line":15,"column":39},"end":{"line":22,"column":1}},"line":15},"2":{"name":"(anonymous_2)","decl":{"start":{"line":24,"column":27},"end":{"line":24,"column":28}},"loc":{"start":{"line":24,"column":39},"end":{"line":31,"column":1}},"line":24},"3":{"name":"(anonymous_3)","decl":{"start":{"line":33,"column":27},"end":{"line":33,"column":28}},"loc":{"start":{"line":33,"column":38},"end":{"line":40,"column":1}},"line":33},"4":{"name":"(anonymous_4)","decl":{"start":{"line":42,"column":39},"end":{"line":42,"column":40}},"loc":{"start":{"line":42,"column":51},"end":{"line":49,"column":1}},"line":42},"5":{"name":"(anonymous_5)","decl":{"start":{"line":51,"column":39},"end":{"line":51,"column":40}},"loc":{"start":{"line":51,"column":51},"end":{"line":58,"column":1}},"line":51}},"branchMap":{},"s":{"0":11,"1":11,"2":24,"3":24,"4":24,"5":24,"6":24,"7":24,"8":24,"9":24,"10":24,"11":11,"12":9,"13":11,"14":2,"15":11,"16":0,"17":11,"18":2,"19":11,"20":0},"f":{"0":24,"1":9,"2":2,"3":0,"4":2,"5":0},"b":{},"_coverageSchema":"1a1c01bbd47fc00a2c39e90264f33305004495a9","hash":"db192aa3382c658b8497ee404881dfd967d08e92"}
}
