TN:
SF:Queries\DAO.js
FN:4,(anonymous_0)
FN:10,(anonymous_1)
FN:11,(anonymous_2)
FN:12,(anonymous_3)
FN:23,(anonymous_4)
FN:27,(anonymous_5)
FN:28,(anonymous_6)
FN:29,(anonymous_7)
FN:38,(anonymous_8)
FN:39,(anonymous_9)
FN:40,(anonymous_10)
FN:50,(anonymous_11)
FN:51,(anonymous_12)
FN:52,(anonymous_13)
FNF:14
FNH:13
FNDA:12,(anonymous_0)
FNDA:26,(anonymous_1)
FNDA:26,(anonymous_2)
FNDA:26,(anonymous_3)
FNDA:0,(anonymous_4)
FNDA:68,(anonymous_5)
FNDA:68,(anonymous_6)
FNDA:68,(anonymous_7)
FNDA:308,(anonymous_8)
FNDA:308,(anonymous_9)
FNDA:308,(anonymous_10)
FNDA:15,(anonymous_11)
FNDA:15,(anonymous_12)
FNDA:15,(anonymous_13)
DA:3,12
DA:4,12
DA:5,12
DA:8,12
DA:10,12
DA:11,26
DA:12,26
DA:13,26
DA:14,0
DA:16,26
DA:23,12
DA:24,0
DA:27,12
DA:28,68
DA:29,68
DA:30,68
DA:31,0
DA:33,68
DA:38,12
DA:39,308
DA:40,308
DA:41,308
DA:42,0
DA:44,308
DA:50,12
DA:51,15
DA:52,15
DA:53,15
DA:54,0
DA:55,0
DA:57,15
DA:58,15
LF:32
LH:26
BRDA:5,0,0,0
BRDA:5,0,1,12
BRDA:13,1,0,0
BRDA:13,1,1,26
BRDA:30,2,0,0
BRDA:30,2,1,68
BRDA:41,3,0,0
BRDA:41,3,1,308
BRDA:53,4,0,0
BRDA:53,4,1,15
BRDA:57,5,0,0
BRDA:57,5,1,15
BRF:12
BRH:6
end_of_record
TN:
SF:Queries\hike.js
FN:6,(anonymous_0)
FN:12,(anonymous_1)
FN:17,(anonymous_2)
FN:22,(anonymous_3)
FN:27,(anonymous_4)
FN:32,(anonymous_5)
FN:37,(anonymous_6)
FN:42,(anonymous_7)
FN:47,(anonymous_8)
FN:52,(anonymous_9)
FN:57,(anonymous_10)
FN:62,(anonymous_11)
FN:67,(anonymous_12)
FN:73,(anonymous_13)
FN:79,(anonymous_14)
FN:85,(anonymous_15)
FN:92,(anonymous_16)
FNF:17
FNH:17
FNDA:3,(anonymous_0)
FNDA:3,(anonymous_1)
FNDA:1,(anonymous_2)
FNDA:1,(anonymous_3)
FNDA:1,(anonymous_4)
FNDA:10,(anonymous_5)
FNDA:10,(anonymous_6)
FNDA:7,(anonymous_7)
FNDA:3,(anonymous_8)
FNDA:3,(anonymous_9)
FNDA:2,(anonymous_10)
FNDA:2,(anonymous_11)
FNDA:2,(anonymous_12)
FNDA:2,(anonymous_13)
FNDA:8,(anonymous_14)
FNDA:2,(anonymous_15)
FNDA:2,(anonymous_16)
DA:3,8
DA:6,8
DA:7,3
DA:8,3
DA:9,3
DA:12,8
DA:13,3
DA:14,3
DA:17,8
DA:18,1
DA:19,1
DA:22,8
DA:23,1
DA:24,1
DA:27,8
DA:28,1
DA:29,1
DA:32,8
DA:33,10
DA:34,10
DA:37,8
DA:38,10
DA:39,10
DA:42,8
DA:43,7
DA:44,7
DA:47,8
DA:48,3
DA:49,3
DA:52,8
DA:53,3
DA:54,3
DA:57,8
DA:58,2
DA:59,2
DA:62,8
DA:63,2
DA:64,2
DA:67,8
DA:68,2
DA:69,2
DA:70,2
DA:73,8
DA:74,2
DA:75,2
DA:76,2
DA:79,8
DA:80,8
DA:81,8
DA:82,8
DA:85,8
DA:86,2
DA:88,2
DA:89,2
DA:92,8
DA:93,2
DA:94,2
DA:95,2
LF:58
LH:58
BRF:0
BRH:0
end_of_record
TN:
SF:Queries\hut.js
FN:5,(anonymous_0)
FN:10,(anonymous_1)
FN:15,(anonymous_2)
FNF:3
FNH:3
FNDA:1,(anonymous_0)
FNDA:10,(anonymous_1)
FNDA:3,(anonymous_2)
DA:3,3
DA:5,3
DA:6,1
DA:7,1
DA:10,3
DA:11,10
DA:12,10
DA:15,3
DA:16,3
DA:17,3
DA:18,3
LF:11
LH:11
BRF:0
BRH:0
end_of_record
TN:
SF:Queries\parking.js
FN:6,(anonymous_0)
FN:11,(anonymous_1)
FN:17,(anonymous_2)
FNF:3
FNH:3
FNDA:1,(anonymous_0)
FNDA:2,(anonymous_1)
FNDA:11,(anonymous_2)
DA:3,3
DA:6,3
DA:7,1
DA:8,1
DA:11,3
DA:12,2
DA:13,2
DA:14,2
DA:17,3
DA:18,11
DA:19,11
LF:11
LH:11
BRF:0
BRH:0
end_of_record
TN:
SF:Queries\point.js
FN:6,(anonymous_0)
FN:13,(anonymous_1)
FN:18,(anonymous_2)
FN:23,(anonymous_3)
FNF:4
FNH:4
FNDA:2,(anonymous_0)
FNDA:10,(anonymous_1)
FNDA:4,(anonymous_2)
FNDA:2,(anonymous_3)
DA:3,2
DA:6,2
DA:7,2
DA:8,2
DA:9,2
DA:13,2
DA:14,10
DA:15,10
DA:18,2
DA:19,4
DA:20,4
DA:23,2
DA:24,2
DA:25,2
LF:14
LH:14
BRF:0
BRH:0
end_of_record
TN:
SF:Queries\preferences.js
FN:5,(anonymous_0)
FN:10,(anonymous_1)
FN:24,(anonymous_2)
FNF:3
FNH:3
FNDA:5,(anonymous_0)
FNDA:1,(anonymous_1)
FNDA:1,(anonymous_2)
DA:3,1
DA:5,1
DA:6,5
DA:7,5
DA:10,1
DA:12,1
DA:16,1
DA:21,1
DA:24,1
DA:25,1
DA:26,1
LF:11
LH:11
BRF:0
BRH:0
end_of_record
TN:
SF:Queries\user.js
FN:6,(anonymous_0)
FN:12,(anonymous_1)
FN:17,(anonymous_2)
FNF:3
FNH:3
FNDA:4,(anonymous_0)
FNDA:4,(anonymous_1)
FNDA:1,(anonymous_2)
DA:3,1
DA:6,1
DA:7,4
DA:8,4
DA:12,1
DA:13,4
DA:14,4
DA:17,1
DA:18,1
DA:20,1
LF:10
LH:10
BRF:0
BRH:0
end_of_record
TN:
SF:testObjects\preferences.js
FNF:0
FNH:0
DA:1,1
DA:19,1
DA:37,1
DA:42,1
LF:4
LH:4
BRF:0
BRH:0
end_of_record
TN:
SF:utilities\daoUtilities.js
FN:3,(anonymous_0)
FN:16,(anonymous_1)
FN:25,(anonymous_2)
FN:34,(anonymous_3)
FN:43,(anonymous_4)
FN:52,(anonymous_5)
FN:61,(anonymous_6)
FNF:7
FNH:6
FNDA:26,(anonymous_0)
FNDA:10,(anonymous_1)
FNDA:3,(anonymous_2)
FNDA:1,(anonymous_3)
FNDA:2,(anonymous_4)
FNDA:0,(anonymous_5)
FNDA:1,(anonymous_6)
DA:1,12
DA:3,12
DA:4,26
DA:5,26
DA:6,26
DA:7,26
DA:8,26
DA:9,26
DA:10,26
DA:11,26
DA:12,26
DA:13,26
DA:16,12
DA:17,10
DA:25,12
DA:26,3
DA:34,12
DA:35,1
DA:43,12
DA:44,2
DA:52,12
DA:53,0
DA:61,12
DA:62,1
LF:24
LH:23
BRF:0
BRH:0
end_of_record
