{
  "stats": {
    "suites": 2,
    "tests": 7,
    "passes": 7,
    "pending": 0,
    "failures": 0,
    "start": "2022-11-26T11:26:23.948Z",
    "end": "2022-11-26T11:26:29.213Z",
    "duration": 5265,
    "testsRegistered": 7,
    "passPercent": 100,
    "pendingPercent": 0,
    "other": 0,
    "hasOther": false,
    "skipped": 0,
    "hasSkipped": false
  },
  "results": [
    {
      "uuid": "35c930e6-b77a-496a-b964-41d638d8dafd",
      "title": "",
      "fullFile": "cypress\\e2e\\searchhut.cy.js",
      "file": "cypress\\e2e\\searchhut.cy.js",
      "beforeHooks": [],
      "afterHooks": [],
      "tests": [],
      "suites": [
        {
          "uuid": "822db5c9-91b3-4333-a58f-fdd6853ac6a7",
          "title": "loginform e2e tset",
          "fullFile": "",
          "file": "",
          "beforeHooks": [],
          "afterHooks": [],
          "tests": [
            {
              "title": "1 access the webpage",
              "fullTitle": "loginform e2e tset 1 access the webpage",
              "timedOut": null,
              "duration": 597,
              "state": "passed",
              "speed": "fast",
              "pass": true,
              "fail": false,
              "pending": false,
              "context": null,
              "code": "cy.visit('http://localhost:3000/');",
              "err": {},
              "uuid": "b2d34b2d-87ea-4b0f-a3ab-4b755ac64969",
              "parentUUID": "822db5c9-91b3-4333-a58f-fdd6853ac6a7",
              "isHook": false,
              "skipped": false
            },
            {
              "title": "Login button exists",
              "fullTitle": "loginform e2e tset Login button exists",
              "timedOut": null,
              "duration": 412,
              "state": "passed",
              "speed": "fast",
              "pass": true,
              "fail": false,
              "pending": false,
              "context": null,
              "code": "cy.contains('Login').click();",
              "err": {},
              "uuid": "c6b2217c-f499-4fbe-ad62-328321d903b6",
              "parentUUID": "822db5c9-91b3-4333-a58f-fdd6853ac6a7",
              "isHook": false,
              "skipped": false
            },
            {
              "title": "login form test",
              "fullTitle": "loginform e2e tset login form test",
              "timedOut": null,
              "duration": 1599,
              "state": "passed",
              "speed": "fast",
              "pass": true,
              "fail": false,
              "pending": false,
              "context": null,
              "code": "cy.get('input[id=username]').clear();\ncy.get('input[id=password]').clear();\ncy.get('input[id=username]').type('lg1@p.it').should('have.value', 'lg1@p.it');\ncy.get('input[id=password]').type('password').should('have.value', 'password');\ncy.contains('Login').click();\ncy.url().should('include', '/home');",
              "err": {},
              "uuid": "8ae8322c-ebc4-4ac0-8bda-6303436661c4",
              "parentUUID": "822db5c9-91b3-4333-a58f-fdd6853ac6a7",
              "isHook": false,
              "skipped": false
            }
          ],
          "suites": [],
          "passes": [
            "b2d34b2d-87ea-4b0f-a3ab-4b755ac64969",
            "c6b2217c-f499-4fbe-ad62-328321d903b6",
            "8ae8322c-ebc4-4ac0-8bda-6303436661c4"
          ],
          "failures": [],
          "pending": [],
          "skipped": [],
          "duration": 2608,
          "root": false,
          "rootEmpty": false,
          "_timeout": 2000
        },
        {
          "uuid": "a880378e-c181-4dc3-90ba-c3d448c6e125",
          "title": "search hut e2e tset",
          "fullFile": "",
          "file": "",
          "beforeHooks": [],
          "afterHooks": [],
          "tests": [
            {
              "title": "jump into parkingLots page test",
              "fullTitle": "search hut e2e tset jump into parkingLots page test",
              "timedOut": null,
              "duration": 185,
              "state": "passed",
              "speed": "fast",
              "pass": true,
              "fail": false,
              "pending": false,
              "context": null,
              "code": "cy.contains('Huts').click({\n  force: true\n});\ncy.url().should('include', 'huts');",
              "err": {},
              "uuid": "58ebc168-c35f-46bb-9407-9d89000b5696",
              "parentUUID": "a880378e-c181-4dc3-90ba-c3d448c6e125",
              "isHook": false,
              "skipped": false
            },
            {
              "title": "search input form",
              "fullTitle": "search hut e2e tset search input form",
              "timedOut": null,
              "duration": 897,
              "state": "passed",
              "speed": "fast",
              "pass": true,
              "fail": false,
              "pending": false,
              "context": null,
              "code": "cy.get(\".md[type='text']\").type('Villaggio Baffa', {\n  force: true\n}).should('have.value', 'Villaggio Baffa');\ncy.contains('Villaggio Baffa (Hotel)');\ncy.contains('Calabria');\ncy.contains('Cotronei (KR)');",
              "err": {},
              "uuid": "91a1d319-007e-4722-a596-72b5c62ea753",
              "parentUUID": "a880378e-c181-4dc3-90ba-c3d448c6e125",
              "isHook": false,
              "skipped": false
            },
            {
              "title": "see more button exist",
              "fullTitle": "search hut e2e tset see more button exist",
              "timedOut": null,
              "duration": 156,
              "state": "passed",
              "speed": "fast",
              "pass": true,
              "fail": false,
              "pending": false,
              "context": null,
              "code": "cy.contains('see more').click();\ncy.url().should('include', 'hut/18');",
              "err": {},
              "uuid": "22c2a3d5-2174-4788-a47e-cfc0ca4c852a",
              "parentUUID": "a880378e-c181-4dc3-90ba-c3d448c6e125",
              "isHook": false,
              "skipped": false
            },
            {
              "title": "show all info of the hut which is searched",
              "fullTitle": "search hut e2e tset show all info of the hut which is searched",
              "timedOut": null,
              "duration": 245,
              "state": "passed",
              "speed": "fast",
              "pass": true,
              "fail": false,
              "pending": false,
              "context": null,
              "code": "cy.contains('Villaggio Baffa (Hotel)');\ncy.contains('Villaggio Baffa is an excellent combination for short or long stays and at any time of the year.');\ncy.contains('Calabria');\ncy.contains('Cotronei (KR)');\ncy.contains('Beds: 28');\ncy.contains('Cotronei (KR)');",
              "err": {},
              "uuid": "b2fab30a-90cd-44ac-9030-077452bb4c72",
              "parentUUID": "a880378e-c181-4dc3-90ba-c3d448c6e125",
              "isHook": false,
              "skipped": false
            }
          ],
          "suites": [],
          "passes": [
            "58ebc168-c35f-46bb-9407-9d89000b5696",
            "91a1d319-007e-4722-a596-72b5c62ea753",
            "22c2a3d5-2174-4788-a47e-cfc0ca4c852a",
            "b2fab30a-90cd-44ac-9030-077452bb4c72"
          ],
          "failures": [],
          "pending": [],
          "skipped": [],
          "duration": 1483,
          "root": false,
          "rootEmpty": false,
          "_timeout": 2000
        }
      ],
      "passes": [],
      "failures": [],
      "pending": [],
      "skipped": [],
      "duration": 0,
      "root": true,
      "rootEmpty": true,
      "_timeout": 2000
    }
  ],
  "meta": {
    "mocha": {
      "version": "7.0.1"
    },
    "mochawesome": {
      "options": {
        "quiet": false,
        "reportFilename": "mochawesome",
        "saveHtml": true,
        "saveJson": true,
        "consoleReporter": "spec",
        "useInlineDiffs": false,
        "code": true
      },
      "version": "7.1.3"
    },
    "marge": {
      "options": null,
      "version": "6.2.0"
    }
  }
}